SF:/build/libmnl-1.0.5/include/libmnl/libmnl.h
FNF:0
FNH:0
DA:41,0
DA:42,0
DA:43,0
DA:84,0
DA:148,0
DA:149,0
DA:150,0
DA:153,0
DA:154,0
DA:155,0
DA:158,0
DA:159,0
DA:160,0
DA:172,0
DA:173,0
DA:174,0
BRDA:149,0,0,-
BRDA:149,0,1,-
BRDA:154,0,0,-
BRDA:154,0,1,-
BRDA:159,0,0,-
BRDA:159,0,1,-
BRF:0
BRH:0
LF:0
LH:0
end_of_record
SF:/build/libmnl-1.0.5/include/linux/netlink.h
FNF:0
FNH:0
DA:51,0
DA:52,0
DA:53,0
DA:54,0
DA:55,0
DA:96,0
DA:144,0
DA:145,0
DA:146,0
DA:148,0
DA:149,0
BRF:0
BRH:0
LF:0
LH:0
end_of_record
SF:/build/libmnl-1.0.5/src/attr.c
FN:39,mnl_attr_get_type
FN:51,mnl_attr_get_len
FN:62,mnl_attr_get_payload_len
FN:73,mnl_attr_get_payload
FN:94,mnl_attr_ok
FN:109,mnl_attr_next
FN:128,mnl_attr_type_valid
FN:208,mnl_attr_validate
FN:232,mnl_attr_validate2
FN:258,mnl_attr_parse
FN:284,mnl_attr_parse_nested
FN:316,mnl_attr_parse_payload
FN:333,mnl_attr_get_u8
FN:344,mnl_attr_get_u16
FN:355,mnl_attr_get_u32
FN:368,mnl_attr_get_u64
FN:381,mnl_attr_get_str
FN:397,mnl_attr_put
FN:423,mnl_attr_put_u8
FN:438,mnl_attr_put_u16
FN:453,mnl_attr_put_u32
FN:468,mnl_attr_put_u64
FN:483,mnl_attr_put_str
FN:501,mnl_attr_put_strz
FN:516,mnl_attr_nest_start
FN:543,mnl_attr_put_check
FN:565,mnl_attr_put_u8_check
FN:586,mnl_attr_put_u16_check
FN:607,mnl_attr_put_u32_check
FN:628,mnl_attr_put_u64_check
FN:649,mnl_attr_put_str_check
FN:671,mnl_attr_put_strz_check
FN:688,mnl_attr_nest_start_check
FN:703,mnl_attr_nest_end
FN:716,mnl_attr_nest_cancel
FN:138,attr.c:__mnl_attr_validate
FNDA:0,mnl_attr_get_type
FNDA:0,mnl_attr_get_len
FNDA:0,mnl_attr_get_payload_len
FNDA:0,mnl_attr_get_payload
FNDA:0,mnl_attr_ok
FNDA:0,mnl_attr_next
FNDA:0,mnl_attr_type_valid
FNDA:0,mnl_attr_validate
FNDA:0,mnl_attr_validate2
FNDA:0,mnl_attr_parse
FNDA:0,mnl_attr_parse_nested
FNDA:0,mnl_attr_parse_payload
FNDA:0,mnl_attr_get_u8
FNDA:0,mnl_attr_get_u16
FNDA:0,mnl_attr_get_u32
FNDA:0,mnl_attr_get_u64
FNDA:0,mnl_attr_get_str
FNDA:0,mnl_attr_put
FNDA:0,mnl_attr_put_u8
FNDA:0,mnl_attr_put_u16
FNDA:0,mnl_attr_put_u32
FNDA:0,mnl_attr_put_u64
FNDA:0,mnl_attr_put_str
FNDA:0,mnl_attr_put_strz
FNDA:0,mnl_attr_nest_start
FNDA:0,mnl_attr_put_check
FNDA:0,mnl_attr_put_u8_check
FNDA:0,mnl_attr_put_u16_check
FNDA:0,mnl_attr_put_u32_check
FNDA:0,mnl_attr_put_u64_check
FNDA:0,mnl_attr_put_str_check
FNDA:0,mnl_attr_put_strz_check
FNDA:0,mnl_attr_nest_start_check
FNDA:0,mnl_attr_nest_end
FNDA:0,mnl_attr_nest_cancel
FNDA:0,attr.c:__mnl_attr_validate
FNF:36
FNH:0
DA:39,0
DA:40,0
DA:41,0
DA:51,0
DA:52,0
DA:53,0
DA:62,0
DA:63,0
DA:64,0
DA:73,0
DA:74,0
DA:75,0
DA:94,0
DA:95,0
DA:96,0
DA:97,0
DA:98,0
DA:109,0
DA:110,0
DA:111,0
DA:128,0
DA:129,0
DA:130,0
DA:131,0
DA:132,0
DA:133,0
DA:134,0
DA:138,0
DA:139,0
DA:140,0
DA:142,0
DA:143,0
DA:144,0
DA:145,0
DA:146,0
DA:147,0
DA:148,0
DA:149,0
DA:150,0
DA:151,0
DA:152,0
DA:153,0
DA:154,0
DA:155,0
DA:156,0
DA:157,0
DA:158,0
DA:159,0
DA:160,0
DA:161,0
DA:162,0
DA:163,0
DA:164,0
DA:165,0
DA:166,0
DA:167,0
DA:168,0
DA:169,0
DA:171,0
DA:172,0
DA:174,0
DA:175,0
DA:176,0
DA:177,0
DA:178,0
DA:179,0
DA:181,0
DA:182,0
DA:183,0
DA:184,0
DA:185,0
DA:186,0
DA:187,0
DA:188,0
DA:208,0
DA:209,0
DA:211,0
DA:212,0
DA:213,0
DA:214,0
DA:215,0
DA:216,0
DA:217,0
DA:232,0
DA:233,0
DA:234,0
DA:235,0
DA:236,0
DA:237,0
DA:238,0
DA:258,0
DA:259,0
DA:260,0
DA:262,0
DA:263,0
DA:264,0
DA:265,0
DA:266,0
DA:284,0
DA:285,0
DA:286,0
DA:288,0
DA:289,0
DA:290,0
DA:291,0
DA:292,0
DA:316,0
DA:317,0
DA:318,0
DA:320,0
DA:321,0
DA:322,0
DA:323,0
DA:324,0
DA:333,0
DA:334,0
DA:335,0
DA:344,0
DA:345,0
DA:346,0
DA:355,0
DA:356,0
DA:357,0
DA:368,0
DA:369,0
DA:370,0
DA:371,0
DA:372,0
DA:381,0
DA:382,0
DA:383,0
DA:397,0
DA:398,0
DA:399,0
DA:400,0
DA:402,0
DA:403,0
DA:404,0
DA:405,0
DA:406,0
DA:407,0
DA:409,0
DA:410,0
DA:423,0
DA:424,0
DA:425,0
DA:438,0
DA:439,0
DA:440,0
DA:453,0
DA:454,0
DA:455,0
DA:468,0
DA:469,0
DA:470,0
DA:483,0
DA:484,0
DA:485,0
DA:501,0
DA:502,0
DA:503,0
DA:516,0
DA:517,0
DA:520,0
DA:521,0
DA:523,0
DA:524,0
DA:543,0
DA:544,0
DA:545,0
DA:546,0
DA:547,0
DA:548,0
DA:565,0
DA:566,0
DA:567,0
DA:586,0
DA:587,0
DA:588,0
DA:607,0
DA:608,0
DA:609,0
DA:628,0
DA:629,0
DA:630,0
DA:649,0
DA:650,0
DA:651,0
DA:671,0
DA:672,0
DA:673,0
DA:688,0
DA:689,0
DA:690,0
DA:691,0
DA:692,0
DA:703,0
DA:704,0
DA:705,0
DA:716,0
DA:717,0
DA:718,0
BRDA:95,0,0,-
BRDA:95,0,1,-
BRDA:96,0,0,-
BRDA:96,0,1,-
BRDA:97,0,0,-
BRDA:97,0,1,-
BRDA:129,0,0,-
BRDA:129,0,1,-
BRDA:142,0,0,-
BRDA:142,0,1,-
BRDA:147,0,0,-
BRDA:147,0,1,-
BRDA:148,0,0,-
BRDA:148,0,1,-
BRDA:153,0,0,-
BRDA:153,0,1,-
BRDA:154,0,0,-
BRDA:154,0,1,-
BRDA:158,0,0,-
BRDA:158,0,1,-
BRDA:163,0,0,-
BRDA:163,0,1,-
BRDA:164,0,0,-
BRDA:164,0,1,-
BRDA:169,0,0,-
BRDA:169,0,1,-
BRDA:171,0,0,-
BRDA:171,0,1,-
BRDA:174,0,0,-
BRDA:174,0,1,-
BRDA:179,0,0,-
BRDA:179,0,1,-
BRDA:183,0,0,-
BRDA:183,0,1,-
BRDA:183,1,2,-
BRDA:183,1,3,-
BRDA:211,0,0,-
BRDA:211,0,1,-
BRDA:233,0,0,-
BRDA:233,0,1,-
BRDA:262,0,0,-
BRDA:262,0,1,-
BRDA:263,0,0,-
BRDA:263,0,1,-
BRDA:288,0,0,-
BRDA:288,0,1,-
BRDA:289,0,0,-
BRDA:289,0,1,-
BRDA:320,0,0,-
BRDA:320,0,1,-
BRDA:321,0,0,-
BRDA:321,0,1,-
BRDA:406,0,0,-
BRDA:406,0,1,-
BRDA:544,0,0,-
BRDA:544,0,1,-
BRDA:689,0,0,-
BRDA:689,0,1,-
BRF:58
BRH:0
LF:201
LH:0
end_of_record
SF:/build/libmnl-1.0.5/src/callback.c
FN:135,mnl_cb_run2
FN:161,mnl_cb_run
FN:53,callback.c:__mnl_cb_run
FN:15,callback.c:mnl_cb_noop
FN:20,callback.c:mnl_cb_error
FN:37,callback.c:mnl_cb_stop
FNDA:0,mnl_cb_run2
FNDA:0,mnl_cb_run
FNDA:0,callback.c:__mnl_cb_run
FNDA:0,callback.c:mnl_cb_noop
FNDA:0,callback.c:mnl_cb_error
FNDA:0,callback.c:mnl_cb_stop
FNF:6
FNH:0
DA:15,0
DA:16,0
DA:17,0
DA:20,0
DA:21,0
DA:23,0
DA:24,0
DA:25,0
DA:26,0
DA:28,0
DA:29,0
DA:30,0
DA:31,0
DA:33,0
DA:34,0
DA:37,0
DA:38,0
DA:39,0
DA:53,0
DA:54,0
DA:55,0
DA:57,0
DA:59,0
DA:60,0
DA:61,0
DA:62,0
DA:64,0
DA:65,0
DA:66,0
DA:67,0
DA:70,0
DA:71,0
DA:72,0
DA:73,0
DA:76,0
DA:77,0
DA:78,0
DA:79,0
DA:80,0
DA:81,0
DA:82,0
DA:83,0
DA:84,0
DA:85,0
DA:86,0
DA:87,0
DA:88,0
DA:89,0
DA:90,0
DA:91,0
DA:92,0
DA:93,0
DA:94,0
DA:95,0
DA:96,0
DA:97,0
DA:135,0
DA:136,0
DA:137,0
DA:138,0
DA:161,0
DA:163,0
BRDA:23,0,0,-
BRDA:23,0,1,-
BRDA:28,0,0,-
BRDA:28,0,1,-
BRDA:33,0,0,-
BRDA:33,0,1,-
BRDA:57,0,0,-
BRDA:57,0,1,-
BRDA:59,0,0,-
BRDA:59,0,1,-
BRDA:64,0,0,-
BRDA:64,0,1,-
BRDA:70,0,0,-
BRDA:70,0,1,-
BRDA:76,0,0,-
BRDA:76,0,1,-
BRDA:77,0,0,-
BRDA:77,0,1,-
BRDA:79,0,0,-
BRDA:79,0,1,-
BRDA:82,0,0,-
BRDA:82,0,1,-
BRDA:83,0,0,-
BRDA:83,0,1,-
BRDA:83,1,2,-
BRDA:83,1,3,-
BRDA:85,0,0,-
BRDA:85,0,1,-
BRDA:88,0,0,-
BRDA:88,0,1,-
BRDA:90,0,0,-
BRDA:90,0,1,-
BRF:32
BRH:0
LF:62
LH:0
end_of_record
SF:/build/libmnl-1.0.5/src/nlmsg.c
FN:55,mnl_nlmsg_size
FN:67,mnl_nlmsg_get_payload_len
FN:81,mnl_nlmsg_put_header
FN:103,mnl_nlmsg_put_extra_header
FN:118,mnl_nlmsg_get_payload
FN:132,mnl_nlmsg_get_payload_offset
FN:153,mnl_nlmsg_ok
FN:174,mnl_nlmsg_next
FN:188,mnl_nlmsg_get_payload_tail
FN:208,mnl_nlmsg_seq_ok
FN:228,mnl_nlmsg_portid_ok
FN:362,mnl_nlmsg_fprintf
FN:436,mnl_nlmsg_batch_start
FN:459,mnl_nlmsg_batch_stop
FN:475,mnl_nlmsg_batch_next
FN:496,mnl_nlmsg_batch_reset
FN:516,mnl_nlmsg_batch_size
FN:528,mnl_nlmsg_batch_head
FN:540,mnl_nlmsg_batch_current
FN:551,mnl_nlmsg_batch_is_empty
FN:233,nlmsg.c:mnl_nlmsg_fprintf_header
FN:249,nlmsg.c:mnl_nlmsg_fprintf_payload
FNDA:0,mnl_nlmsg_size
FNDA:0,mnl_nlmsg_get_payload_len
FNDA:0,mnl_nlmsg_put_header
FNDA:0,mnl_nlmsg_put_extra_header
FNDA:0,mnl_nlmsg_get_payload
FNDA:0,mnl_nlmsg_get_payload_offset
FNDA:0,mnl_nlmsg_ok
FNDA:0,mnl_nlmsg_next
FNDA:0,mnl_nlmsg_get_payload_tail
FNDA:0,mnl_nlmsg_seq_ok
FNDA:0,mnl_nlmsg_portid_ok
FNDA:0,mnl_nlmsg_fprintf
FNDA:0,mnl_nlmsg_batch_start
FNDA:0,mnl_nlmsg_batch_stop
FNDA:0,mnl_nlmsg_batch_next
FNDA:0,mnl_nlmsg_batch_reset
FNDA:0,mnl_nlmsg_batch_size
FNDA:0,mnl_nlmsg_batch_head
FNDA:0,mnl_nlmsg_batch_current
FNDA:0,mnl_nlmsg_batch_is_empty
FNDA:0,nlmsg.c:mnl_nlmsg_fprintf_header
FNDA:0,nlmsg.c:mnl_nlmsg_fprintf_payload
FNF:22
FNH:0
DA:55,0
DA:56,0
DA:57,0
DA:67,0
DA:68,0
DA:69,0
DA:81,0
DA:82,0
DA:83,0
DA:85,0
DA:86,0
DA:87,0
DA:88,0
DA:103,0
DA:104,0
DA:105,0
DA:106,0
DA:107,0
DA:108,0
DA:109,0
DA:118,0
DA:119,0
DA:120,0
DA:132,0
DA:133,0
DA:134,0
DA:153,0
DA:154,0
DA:155,0
DA:156,0
DA:157,0
DA:174,0
DA:175,0
DA:176,0
DA:177,0
DA:188,0
DA:189,0
DA:190,0
DA:208,0
DA:209,0
DA:210,0
DA:228,0
DA:229,0
DA:230,0
DA:233,0
DA:234,0
DA:235,0
DA:236,0
DA:237,0
DA:238,0
DA:239,0
DA:240,0
DA:241,0
DA:242,0
DA:243,0
DA:244,0
DA:245,0
DA:249,0
DA:250,0
DA:251,0
DA:253,0
DA:254,0
DA:255,0
DA:258,0
DA:259,0
DA:260,0
DA:261,0
DA:262,0
DA:264,0
DA:265,0
DA:266,0
DA:267,0
DA:268,0
DA:269,0
DA:271,0
DA:272,0
DA:273,0
DA:274,0
DA:275,0
DA:276,0
DA:277,0
DA:278,0
DA:279,0
DA:280,0
DA:281,0
DA:282,0
DA:283,0
DA:284,0
DA:285,0
DA:286,0
DA:287,0
DA:288,0
DA:289,0
DA:290,0
DA:291,0
DA:292,0
DA:293,0
DA:294,0
DA:296,0
DA:297,0
DA:298,0
DA:299,0
DA:301,0
DA:302,0
DA:303,0
DA:304,0
DA:305,0
DA:306,0
DA:307,0
DA:308,0
DA:309,0
DA:310,0
DA:311,0
DA:312,0
DA:313,0
DA:314,0
DA:315,0
DA:362,0
DA:363,0
DA:364,0
DA:366,0
DA:367,0
DA:368,0
DA:369,0
DA:370,0
DA:371,0
DA:436,0
DA:437,0
DA:439,0
DA:440,0
DA:441,0
DA:443,0
DA:444,0
DA:445,0
DA:446,0
DA:447,0
DA:449,0
DA:450,0
DA:459,0
DA:460,0
DA:461,0
DA:475,0
DA:476,0
DA:478,0
DA:479,0
DA:480,0
DA:481,0
DA:482,0
DA:483,0
DA:484,0
DA:485,0
DA:496,0
DA:497,0
DA:498,0
DA:499,0
DA:500,0
DA:501,0
DA:502,0
DA:503,0
DA:504,0
DA:505,0
DA:506,0
DA:507,0
DA:516,0
DA:517,0
DA:518,0
DA:528,0
DA:529,0
DA:530,0
DA:540,0
DA:541,0
DA:542,0
DA:551,0
DA:552,0
DA:553,0
BRDA:154,0,0,-
BRDA:154,0,1,-
BRDA:155,0,0,-
BRDA:155,0,1,-
BRDA:156,0,0,-
BRDA:156,0,1,-
BRDA:209,0,0,-
BRDA:209,0,1,-
BRDA:209,1,2,-
BRDA:209,1,3,-
BRDA:229,0,0,-
BRDA:229,0,1,-
BRDA:229,1,2,-
BRDA:229,1,3,-
BRDA:238,0,0,-
BRDA:238,0,1,-
BRDA:239,0,0,-
BRDA:239,0,1,-
BRDA:240,0,0,-
BRDA:240,0,1,-
BRDA:241,0,0,-
BRDA:241,0,1,-
BRDA:253,0,0,-
BRDA:253,0,1,-
BRDA:258,0,0,-
BRDA:258,0,1,-
BRDA:264,0,0,-
BRDA:264,0,1,-
BRDA:271,0,0,-
BRDA:271,0,1,-
BRDA:271,1,2,-
BRDA:271,1,3,-
BRDA:287,0,0,-
BRDA:287,0,1,-
BRDA:288,0,0,-
BRDA:288,0,1,-
BRDA:296,0,0,-
BRDA:296,0,1,-
BRDA:301,0,0,-
BRDA:301,0,1,-
BRDA:308,0,0,-
BRDA:308,0,1,-
BRDA:309,0,0,-
BRDA:309,0,1,-
BRDA:310,0,0,-
BRDA:310,0,1,-
BRDA:311,0,0,-
BRDA:311,0,1,-
BRDA:366,0,0,-
BRDA:366,0,1,-
BRDA:440,0,0,-
BRDA:440,0,1,-
BRDA:478,0,0,-
BRDA:478,0,1,-
BRDA:497,0,0,-
BRDA:497,0,1,-
BRF:56
BRH:0
LF:174
LH:0
end_of_record
SF:/build/libmnl-1.0.5/src/socket.c
FN:86,mnl_socket_get_fd
FN:100,mnl_socket_get_portid
FN:129,mnl_socket_open
FN:146,mnl_socket_open2
FN:162,mnl_socket_fdopen
FN:195,mnl_socket_bind
FN:234,mnl_socket_sendto
FN:258,mnl_socket_recvfrom
FN:297,mnl_socket_close
FN:330,mnl_socket_setsockopt
FN:345,mnl_socket_getsockopt
FN:105,socket.c:__mnl_socket_open
FNDA:0,mnl_socket_get_fd
FNDA:0,mnl_socket_get_portid
FNDA:0,mnl_socket_open
FNDA:0,mnl_socket_open2
FNDA:0,mnl_socket_fdopen
FNDA:0,mnl_socket_bind
FNDA:0,mnl_socket_sendto
FNDA:0,mnl_socket_recvfrom
FNDA:0,mnl_socket_close
FNDA:0,mnl_socket_setsockopt
FNDA:0,mnl_socket_getsockopt
FNDA:0,socket.c:__mnl_socket_open
FNF:12
FNH:0
DA:86,0
DA:87,0
DA:88,0
DA:100,0
DA:101,0
DA:102,0
DA:105,0
DA:106,0
DA:108,0
DA:109,0
DA:110,0
DA:112,0
DA:113,0
DA:114,0
DA:115,0
DA:116,0
DA:118,0
DA:119,0
DA:129,0
DA:130,0
DA:131,0
DA:146,0
DA:147,0
DA:148,0
DA:162,0
DA:163,0
DA:164,0
DA:165,0
DA:166,0
DA:168,0
DA:169,0
DA:170,0
DA:172,0
DA:173,0
DA:174,0
DA:176,0
DA:177,0
DA:178,0
DA:180,0
DA:181,0
DA:195,0
DA:196,0
DA:197,0
DA:199,0
DA:200,0
DA:201,0
DA:203,0
DA:204,0
DA:205,0
DA:207,0
DA:208,0
DA:209,0
DA:210,0
DA:212,0
DA:213,0
DA:214,0
DA:215,0
DA:216,0
DA:217,0
DA:218,0
DA:219,0
DA:220,0
DA:221,0
DA:234,0
DA:235,0
DA:236,0
DA:237,0
DA:238,0
DA:239,0
DA:240,0
DA:258,0
DA:259,0
DA:260,0
DA:261,0
DA:262,0
DA:263,0
DA:264,0
DA:265,0
DA:266,0
DA:267,0
DA:268,0
DA:269,0
DA:270,0
DA:271,0
DA:272,0
DA:273,0
DA:274,0
DA:275,0
DA:276,0
DA:278,0
DA:279,0
DA:280,0
DA:281,0
DA:282,0
DA:283,0
DA:284,0
DA:285,0
DA:286,0
DA:287,0
DA:297,0
DA:298,0
DA:299,0
DA:300,0
DA:301,0
DA:330,0
DA:331,0
DA:332,0
DA:345,0
DA:347,0
BRDA:109,0,0,-
BRDA:109,0,1,-
BRDA:113,0,0,-
BRDA:113,0,1,-
BRDA:169,0,0,-
BRDA:169,0,1,-
BRDA:173,0,0,-
BRDA:173,0,1,-
BRDA:177,0,0,-
BRDA:177,0,1,-
BRDA:204,0,0,-
BRDA:204,0,1,-
BRDA:209,0,0,-
BRDA:209,0,1,-
BRDA:212,0,0,-
BRDA:212,0,1,-
BRDA:216,0,0,-
BRDA:216,0,1,-
BRDA:275,0,0,-
BRDA:275,0,1,-
BRDA:278,0,0,-
BRDA:278,0,1,-
BRDA:282,0,0,-
BRDA:282,0,1,-
BRF:24
BRH:0
LF:107
LH:0
end_of_record
SF:/build/libnftnl-1.3.0/include/common.h
FNF:0
FNH:0
DA:7,0
BRF:0
BRH:0
LF:0
LH:0
end_of_record
SF:/build/libnftnl-1.3.0/include/expr_ops.h
FNF:0
FNH:0
DA:31,0
BRF:0
BRH:0
LF:0
LH:0
end_of_record
SF:/build/libnftnl-1.3.0/include/libnftnl/object.h
FNF:0
FNH:0
DA:26,0
DA:69,0
BRF:0
BRH:0
LF:0
LH:0
end_of_record
SF:/build/libnftnl-1.3.0/include/libnftnl/udata.h
FNF:0
FNH:0
DA:119,0
DA:120,0
DA:121,0
BRDA:120,0,0,-
BRDA:120,0,1,-
BRF:0
BRH:0
LF:0
LH:0
end_of_record
SF:/build/libnftnl-1.3.0/include/linux/netfilter.h
FNF:0
FNH:0
DA:10,0
DA:11,0
DA:12,0
DA:13,0
DA:14,0
DA:15,0
BRF:0
BRH:0
LF:0
LH:0
end_of_record
SF:/build/libnftnl-1.3.0/include/linux/netfilter/nf_log.h
FNF:0
FNH:0
DA:5,0
DA:6,0
DA:7,0
DA:8,0
DA:10,0
BRF:0
BRH:0
LF:0
LH:0
end_of_record
SF:/build/libnftnl-1.3.0/include/linux/netfilter/nf_tables.h
FNF:0
FNH:0
DA:51,0
DA:176,0
DA:214,0
DA:256,0
DA:287,0
DA:313,0
DA:363,0
DA:424,0
DA:484,0
DA:519,0
DA:538,0
DA:552,0
DA:566,0
DA:630,0
DA:661,0
DA:696,0
DA:725,0
DA:749,0
DA:789,0
DA:848,0
DA:874,0
DA:921,0
DA:1021,0
DA:1060,0
DA:1076,0
DA:1090,0
DA:1106,0
DA:1123,0
DA:1180,0
DA:1198,0
DA:1209,0
DA:1239,0
DA:1257,0
DA:1272,0
DA:1287,0
DA:1309,0
DA:1354,0
DA:1356,0
DA:1357,0
DA:1380,0
DA:1392,0
DA:1441,0
DA:1476,0
DA:1492,0
DA:1508,0
DA:1524,0
DA:1538,0
DA:1554,0
DA:1574,0
DA:1588,0
DA:1607,0
DA:1616,0
DA:1634,0
DA:1643,0
DA:1654,0
DA:1667,0
DA:1668,0
DA:1693,0
DA:1729,0
DA:1745,0
DA:1761,0
DA:1781,0
DA:1811,0
DA:1874,0
DA:1905,0
DA:1938,0
DA:1945,0
DA:1955,0
DA:1988,0
DA:1995,0
DA:2012,0
BRF:0
BRH:0
LF:0
LH:0
end_of_record
SF:/build/libnftnl-1.3.0/include/linux/netfilter/nf_tables_compat.h
FNF:0
FNH:0
DA:17,0
DA:32,0
BRF:0
BRH:0
LF:0
LH:0
end_of_record
SF:/build/libnftnl-1.3.0/include/linux/netfilter/nfnetlink.h
FNF:0
FNH:0
DA:35,0
DA:56,0
DA:102,0
DA:103,0
BRF:0
BRH:0
LF:0
LH:0
end_of_record
SF:/build/libnftnl-1.3.0/include/linux_list.h
FN:79,utils.c:__list_add
FN:95,utils.c:list_add
FN:108,utils.c:list_add_tail
FN:120,utils.c:__list_add_rcu
FN:145,utils.c:list_add_rcu
FN:167,utils.c:list_add_tail_rcu
FN:179,utils.c:__list_del
FN:191,utils.c:list_del
FN:222,utils.c:list_del_rcu
FN:232,utils.c:list_del_init
FN:243,utils.c:list_move
FN:255,utils.c:list_move_tail
FN:265,utils.c:list_empty
FN:282,utils.c:list_empty_careful
FN:289,utils.c:__list_splice
FN:307,utils.c:list_splice
FN:321,utils.c:list_splice_init
FN:527,utils.c:hlist_unhashed
FN:532,utils.c:hlist_empty
FN:537,utils.c:__hlist_del
FN:546,utils.c:hlist_del
FN:572,utils.c:hlist_del_rcu
FN:578,utils.c:hlist_del_init
FN:588,utils.c:hlist_add_head
FN:619,utils.c:hlist_add_head_rcu
FN:632,utils.c:hlist_add_before
FN:641,utils.c:hlist_add_after
FN:108,batch.c:list_add_tail
FN:79,batch.c:__list_add
FN:95,batch.c:list_add
FN:120,batch.c:__list_add_rcu
FN:145,batch.c:list_add_rcu
FN:167,batch.c:list_add_tail_rcu
FN:179,batch.c:__list_del
FN:191,batch.c:list_del
FN:222,batch.c:list_del_rcu
FN:232,batch.c:list_del_init
FN:243,batch.c:list_move
FN:255,batch.c:list_move_tail
FN:265,batch.c:list_empty
FN:282,batch.c:list_empty_careful
FN:289,batch.c:__list_splice
FN:307,batch.c:list_splice
FN:321,batch.c:list_splice_init
FN:527,batch.c:hlist_unhashed
FN:532,batch.c:hlist_empty
FN:537,batch.c:__hlist_del
FN:546,batch.c:hlist_del
FN:572,batch.c:hlist_del_rcu
FN:578,batch.c:hlist_del_init
FN:588,batch.c:hlist_add_head
FN:619,batch.c:hlist_add_head_rcu
FN:632,batch.c:hlist_add_before
FN:641,batch.c:hlist_add_after
FN:191,flowtable.c:list_del
FN:179,flowtable.c:__list_del
FN:265,flowtable.c:list_empty
FN:95,flowtable.c:list_add
FN:79,flowtable.c:__list_add
FN:108,flowtable.c:list_add_tail
FN:120,flowtable.c:__list_add_rcu
FN:145,flowtable.c:list_add_rcu
FN:167,flowtable.c:list_add_tail_rcu
FN:222,flowtable.c:list_del_rcu
FN:232,flowtable.c:list_del_init
FN:243,flowtable.c:list_move
FN:255,flowtable.c:list_move_tail
FN:282,flowtable.c:list_empty_careful
FN:289,flowtable.c:__list_splice
FN:307,flowtable.c:list_splice
FN:321,flowtable.c:list_splice_init
FN:527,flowtable.c:hlist_unhashed
FN:532,flowtable.c:hlist_empty
FN:537,flowtable.c:__hlist_del
FN:546,flowtable.c:hlist_del
FN:572,flowtable.c:hlist_del_rcu
FN:578,flowtable.c:hlist_del_init
FN:588,flowtable.c:hlist_add_head
FN:619,flowtable.c:hlist_add_head_rcu
FN:632,flowtable.c:hlist_add_before
FN:641,flowtable.c:hlist_add_after
FN:79,common.c:__list_add
FN:95,common.c:list_add
FN:108,common.c:list_add_tail
FN:120,common.c:__list_add_rcu
FN:145,common.c:list_add_rcu
FN:167,common.c:list_add_tail_rcu
FN:179,common.c:__list_del
FN:191,common.c:list_del
FN:222,common.c:list_del_rcu
FN:232,common.c:list_del_init
FN:243,common.c:list_move
FN:255,common.c:list_move_tail
FN:265,common.c:list_empty
FN:282,common.c:list_empty_careful
FN:289,common.c:__list_splice
FN:307,common.c:list_splice
FN:321,common.c:list_splice_init
FN:527,common.c:hlist_unhashed
FN:532,common.c:hlist_empty
FN:537,common.c:__hlist_del
FN:546,common.c:hlist_del
FN:572,common.c:hlist_del_rcu
FN:578,common.c:hlist_del_init
FN:588,common.c:hlist_add_head
FN:619,common.c:hlist_add_head_rcu
FN:632,common.c:hlist_add_before
FN:641,common.c:hlist_add_after
FN:79,gen.c:__list_add
FN:95,gen.c:list_add
FN:108,gen.c:list_add_tail
FN:120,gen.c:__list_add_rcu
FN:145,gen.c:list_add_rcu
FN:167,gen.c:list_add_tail_rcu
FN:179,gen.c:__list_del
FN:191,gen.c:list_del
FN:222,gen.c:list_del_rcu
FN:232,gen.c:list_del_init
FN:243,gen.c:list_move
FN:255,gen.c:list_move_tail
FN:265,gen.c:list_empty
FN:282,gen.c:list_empty_careful
FN:289,gen.c:__list_splice
FN:307,gen.c:list_splice
FN:321,gen.c:list_splice_init
FN:527,gen.c:hlist_unhashed
FN:532,gen.c:hlist_empty
FN:537,gen.c:__hlist_del
FN:546,gen.c:hlist_del
FN:572,gen.c:hlist_del_rcu
FN:578,gen.c:hlist_del_init
FN:588,gen.c:hlist_add_head
FN:619,gen.c:hlist_add_head_rcu
FN:632,gen.c:hlist_add_before
FN:641,gen.c:hlist_add_after
FN:191,table.c:list_del
FN:179,table.c:__list_del
FN:265,table.c:list_empty
FN:95,table.c:list_add
FN:79,table.c:__list_add
FN:108,table.c:list_add_tail
FN:120,table.c:__list_add_rcu
FN:145,table.c:list_add_rcu
FN:167,table.c:list_add_tail_rcu
FN:222,table.c:list_del_rcu
FN:232,table.c:list_del_init
FN:243,table.c:list_move
FN:255,table.c:list_move_tail
FN:282,table.c:list_empty_careful
FN:289,table.c:__list_splice
FN:307,table.c:list_splice
FN:321,table.c:list_splice_init
FN:527,table.c:hlist_unhashed
FN:532,table.c:hlist_empty
FN:537,table.c:__hlist_del
FN:546,table.c:hlist_del
FN:572,table.c:hlist_del_rcu
FN:578,table.c:hlist_del_init
FN:588,table.c:hlist_add_head
FN:619,table.c:hlist_add_head_rcu
FN:632,table.c:hlist_add_before
FN:641,table.c:hlist_add_after
FN:79,trace.c:__list_add
FN:95,trace.c:list_add
FN:108,trace.c:list_add_tail
FN:120,trace.c:__list_add_rcu
FN:145,trace.c:list_add_rcu
FN:167,trace.c:list_add_tail_rcu
FN:179,trace.c:__list_del
FN:191,trace.c:list_del
FN:222,trace.c:list_del_rcu
FN:232,trace.c:list_del_init
FN:243,trace.c:list_move
FN:255,trace.c:list_move_tail
FN:265,trace.c:list_empty
FN:282,trace.c:list_empty_careful
FN:289,trace.c:__list_splice
FN:307,trace.c:list_splice
FN:321,trace.c:list_splice_init
FN:527,trace.c:hlist_unhashed
FN:532,trace.c:hlist_empty
FN:537,trace.c:__hlist_del
FN:546,trace.c:hlist_del
FN:572,trace.c:hlist_del_rcu
FN:578,trace.c:hlist_del_init
FN:588,trace.c:hlist_add_head
FN:619,trace.c:hlist_add_head_rcu
FN:632,trace.c:hlist_add_before
FN:641,trace.c:hlist_add_after
FN:95,chain.c:list_add
FN:79,chain.c:__list_add
FN:191,chain.c:list_del
FN:179,chain.c:__list_del
FN:108,chain.c:list_add_tail
FN:546,chain.c:hlist_del
FN:537,chain.c:__hlist_del
FN:265,chain.c:list_empty
FN:588,chain.c:hlist_add_head
FN:120,chain.c:__list_add_rcu
FN:145,chain.c:list_add_rcu
FN:167,chain.c:list_add_tail_rcu
FN:222,chain.c:list_del_rcu
FN:232,chain.c:list_del_init
FN:243,chain.c:list_move
FN:255,chain.c:list_move_tail
FN:282,chain.c:list_empty_careful
FN:289,chain.c:__list_splice
FN:307,chain.c:list_splice
FN:321,chain.c:list_splice_init
FN:527,chain.c:hlist_unhashed
FN:532,chain.c:hlist_empty
FN:572,chain.c:hlist_del_rcu
FN:578,chain.c:hlist_del_init
FN:619,chain.c:hlist_add_head_rcu
FN:632,chain.c:hlist_add_before
FN:641,chain.c:hlist_add_after
FN:191,object.c:list_del
FN:179,object.c:__list_del
FN:265,object.c:list_empty
FN:95,object.c:list_add
FN:79,object.c:__list_add
FN:108,object.c:list_add_tail
FN:120,object.c:__list_add_rcu
FN:145,object.c:list_add_rcu
FN:167,object.c:list_add_tail_rcu
FN:222,object.c:list_del_rcu
FN:232,object.c:list_del_init
FN:243,object.c:list_move
FN:255,object.c:list_move_tail
FN:282,object.c:list_empty_careful
FN:289,object.c:__list_splice
FN:307,object.c:list_splice
FN:321,object.c:list_splice_init
FN:527,object.c:hlist_unhashed
FN:532,object.c:hlist_empty
FN:537,object.c:__hlist_del
FN:546,object.c:hlist_del
FN:572,object.c:hlist_del_rcu
FN:578,object.c:hlist_del_init
FN:588,object.c:hlist_add_head
FN:619,object.c:hlist_add_head_rcu
FN:632,object.c:hlist_add_before
FN:641,object.c:hlist_add_after
FN:265,rule.c:list_empty
FN:108,rule.c:list_add_tail
FN:79,rule.c:__list_add
FN:191,rule.c:list_del
FN:179,rule.c:__list_del
FN:95,rule.c:list_add
FN:120,rule.c:__list_add_rcu
FN:145,rule.c:list_add_rcu
FN:167,rule.c:list_add_tail_rcu
FN:222,rule.c:list_del_rcu
FN:232,rule.c:list_del_init
FN:243,rule.c:list_move
FN:255,rule.c:list_move_tail
FN:282,rule.c:list_empty_careful
FN:289,rule.c:__list_splice
FN:307,rule.c:list_splice
FN:321,rule.c:list_splice_init
FN:527,rule.c:hlist_unhashed
FN:532,rule.c:hlist_empty
FN:537,rule.c:__hlist_del
FN:546,rule.c:hlist_del
FN:572,rule.c:hlist_del_rcu
FN:578,rule.c:hlist_del_init
FN:588,rule.c:hlist_add_head
FN:619,rule.c:hlist_add_head_rcu
FN:632,rule.c:hlist_add_before
FN:641,rule.c:hlist_add_after
FN:191,set.c:list_del
FN:179,set.c:__list_del
FN:95,set.c:list_add
FN:79,set.c:__list_add
FN:108,set.c:list_add_tail
FN:265,set.c:list_empty
FN:546,set.c:hlist_del
FN:537,set.c:__hlist_del
FN:588,set.c:hlist_add_head
FN:120,set.c:__list_add_rcu
FN:145,set.c:list_add_rcu
FN:167,set.c:list_add_tail_rcu
FN:222,set.c:list_del_rcu
FN:232,set.c:list_del_init
FN:243,set.c:list_move
FN:255,set.c:list_move_tail
FN:282,set.c:list_empty_careful
FN:289,set.c:__list_splice
FN:307,set.c:list_splice
FN:321,set.c:list_splice_init
FN:527,set.c:hlist_unhashed
FN:532,set.c:hlist_empty
FN:572,set.c:hlist_del_rcu
FN:578,set.c:hlist_del_init
FN:619,set.c:hlist_add_head_rcu
FN:632,set.c:hlist_add_before
FN:641,set.c:hlist_add_after
FN:95,set_elem.c:list_add
FN:79,set_elem.c:__list_add
FN:265,set_elem.c:list_empty
FN:108,set_elem.c:list_add_tail
FN:120,set_elem.c:__list_add_rcu
FN:145,set_elem.c:list_add_rcu
FN:167,set_elem.c:list_add_tail_rcu
FN:179,set_elem.c:__list_del
FN:191,set_elem.c:list_del
FN:222,set_elem.c:list_del_rcu
FN:232,set_elem.c:list_del_init
FN:243,set_elem.c:list_move
FN:255,set_elem.c:list_move_tail
FN:282,set_elem.c:list_empty_careful
FN:289,set_elem.c:__list_splice
FN:307,set_elem.c:list_splice
FN:321,set_elem.c:list_splice_init
FN:527,set_elem.c:hlist_unhashed
FN:532,set_elem.c:hlist_empty
FN:537,set_elem.c:__hlist_del
FN:546,set_elem.c:hlist_del
FN:572,set_elem.c:hlist_del_rcu
FN:578,set_elem.c:hlist_del_init
FN:588,set_elem.c:hlist_add_head
FN:619,set_elem.c:hlist_add_head_rcu
FN:632,set_elem.c:hlist_add_before
FN:641,set_elem.c:hlist_add_after
FN:79,ruleset.c:__list_add
FN:95,ruleset.c:list_add
FN:108,ruleset.c:list_add_tail
FN:120,ruleset.c:__list_add_rcu
FN:145,ruleset.c:list_add_rcu
FN:167,ruleset.c:list_add_tail_rcu
FN:179,ruleset.c:__list_del
FN:191,ruleset.c:list_del
FN:222,ruleset.c:list_del_rcu
FN:232,ruleset.c:list_del_init
FN:243,ruleset.c:list_move
FN:255,ruleset.c:list_move_tail
FN:265,ruleset.c:list_empty
FN:282,ruleset.c:list_empty_careful
FN:289,ruleset.c:__list_splice
FN:307,ruleset.c:list_splice
FN:321,ruleset.c:list_splice_init
FN:527,ruleset.c:hlist_unhashed
FN:532,ruleset.c:hlist_empty
FN:537,ruleset.c:__hlist_del
FN:546,ruleset.c:hlist_del
FN:572,ruleset.c:hlist_del_rcu
FN:578,ruleset.c:hlist_del_init
FN:588,ruleset.c:hlist_add_head
FN:619,ruleset.c:hlist_add_head_rcu
FN:632,ruleset.c:hlist_add_before
FN:641,ruleset.c:hlist_add_after
FN:79,expr.c:__list_add
FN:95,expr.c:list_add
FN:108,expr.c:list_add_tail
FN:120,expr.c:__list_add_rcu
FN:145,expr.c:list_add_rcu
FN:167,expr.c:list_add_tail_rcu
FN:179,expr.c:__list_del
FN:191,expr.c:list_del
FN:222,expr.c:list_del_rcu
FN:232,expr.c:list_del_init
FN:243,expr.c:list_move
FN:255,expr.c:list_move_tail
FN:265,expr.c:list_empty
FN:282,expr.c:list_empty_careful
FN:289,expr.c:__list_splice
FN:307,expr.c:list_splice
FN:321,expr.c:list_splice_init
FN:527,expr.c:hlist_unhashed
FN:532,expr.c:hlist_empty
FN:537,expr.c:__hlist_del
FN:546,expr.c:hlist_del
FN:572,expr.c:hlist_del_rcu
FN:578,expr.c:hlist_del_init
FN:588,expr.c:hlist_add_head
FN:619,expr.c:hlist_add_head_rcu
FN:632,expr.c:hlist_add_before
FN:641,expr.c:hlist_add_after
FN:79,expr_ops.c:__list_add
FN:95,expr_ops.c:list_add
FN:108,expr_ops.c:list_add_tail
FN:120,expr_ops.c:__list_add_rcu
FN:145,expr_ops.c:list_add_rcu
FN:167,expr_ops.c:list_add_tail_rcu
FN:179,expr_ops.c:__list_del
FN:191,expr_ops.c:list_del
FN:222,expr_ops.c:list_del_rcu
FN:232,expr_ops.c:list_del_init
FN:243,expr_ops.c:list_move
FN:255,expr_ops.c:list_move_tail
FN:265,expr_ops.c:list_empty
FN:282,expr_ops.c:list_empty_careful
FN:289,expr_ops.c:__list_splice
FN:307,expr_ops.c:list_splice
FN:321,expr_ops.c:list_splice_init
FN:527,expr_ops.c:hlist_unhashed
FN:532,expr_ops.c:hlist_empty
FN:537,expr_ops.c:__hlist_del
FN:546,expr_ops.c:hlist_del
FN:572,expr_ops.c:hlist_del_rcu
FN:578,expr_ops.c:hlist_del_init
FN:588,expr_ops.c:hlist_add_head
FN:619,expr_ops.c:hlist_add_head_rcu
FN:632,expr_ops.c:hlist_add_before
FN:641,expr_ops.c:hlist_add_after
FN:79,bitwise.c:__list_add
FN:95,bitwise.c:list_add
FN:108,bitwise.c:list_add_tail
FN:120,bitwise.c:__list_add_rcu
FN:145,bitwise.c:list_add_rcu
FN:167,bitwise.c:list_add_tail_rcu
FN:179,bitwise.c:__list_del
FN:191,bitwise.c:list_del
FN:222,bitwise.c:list_del_rcu
FN:232,bitwise.c:list_del_init
FN:243,bitwise.c:list_move
FN:255,bitwise.c:list_move_tail
FN:265,bitwise.c:list_empty
FN:282,bitwise.c:list_empty_careful
FN:289,bitwise.c:__list_splice
FN:307,bitwise.c:list_splice
FN:321,bitwise.c:list_splice_init
FN:527,bitwise.c:hlist_unhashed
FN:532,bitwise.c:hlist_empty
FN:537,bitwise.c:__hlist_del
FN:546,bitwise.c:hlist_del
FN:572,bitwise.c:hlist_del_rcu
FN:578,bitwise.c:hlist_del_init
FN:588,bitwise.c:hlist_add_head
FN:619,bitwise.c:hlist_add_head_rcu
FN:632,bitwise.c:hlist_add_before
FN:641,bitwise.c:hlist_add_after
FN:79,byteorder.c:__list_add
FN:95,byteorder.c:list_add
FN:108,byteorder.c:list_add_tail
FN:120,byteorder.c:__list_add_rcu
FN:145,byteorder.c:list_add_rcu
FN:167,byteorder.c:list_add_tail_rcu
FN:179,byteorder.c:__list_del
FN:191,byteorder.c:list_del
FN:222,byteorder.c:list_del_rcu
FN:232,byteorder.c:list_del_init
FN:243,byteorder.c:list_move
FN:255,byteorder.c:list_move_tail
FN:265,byteorder.c:list_empty
FN:282,byteorder.c:list_empty_careful
FN:289,byteorder.c:__list_splice
FN:307,byteorder.c:list_splice
FN:321,byteorder.c:list_splice_init
FN:527,byteorder.c:hlist_unhashed
FN:532,byteorder.c:hlist_empty
FN:537,byteorder.c:__hlist_del
FN:546,byteorder.c:hlist_del
FN:572,byteorder.c:hlist_del_rcu
FN:578,byteorder.c:hlist_del_init
FN:588,byteorder.c:hlist_add_head
FN:619,byteorder.c:hlist_add_head_rcu
FN:632,byteorder.c:hlist_add_before
FN:641,byteorder.c:hlist_add_after
FN:79,cmp.c:__list_add
FN:95,cmp.c:list_add
FN:108,cmp.c:list_add_tail
FN:120,cmp.c:__list_add_rcu
FN:145,cmp.c:list_add_rcu
FN:167,cmp.c:list_add_tail_rcu
FN:179,cmp.c:__list_del
FN:191,cmp.c:list_del
FN:222,cmp.c:list_del_rcu
FN:232,cmp.c:list_del_init
FN:243,cmp.c:list_move
FN:255,cmp.c:list_move_tail
FN:265,cmp.c:list_empty
FN:282,cmp.c:list_empty_careful
FN:289,cmp.c:__list_splice
FN:307,cmp.c:list_splice
FN:321,cmp.c:list_splice_init
FN:527,cmp.c:hlist_unhashed
FN:532,cmp.c:hlist_empty
FN:537,cmp.c:__hlist_del
FN:546,cmp.c:hlist_del
FN:572,cmp.c:hlist_del_rcu
FN:578,cmp.c:hlist_del_init
FN:588,cmp.c:hlist_add_head
FN:619,cmp.c:hlist_add_head_rcu
FN:632,cmp.c:hlist_add_before
FN:641,cmp.c:hlist_add_after
FN:79,range.c:__list_add
FN:95,range.c:list_add
FN:108,range.c:list_add_tail
FN:120,range.c:__list_add_rcu
FN:145,range.c:list_add_rcu
FN:167,range.c:list_add_tail_rcu
FN:179,range.c:__list_del
FN:191,range.c:list_del
FN:222,range.c:list_del_rcu
FN:232,range.c:list_del_init
FN:243,range.c:list_move
FN:255,range.c:list_move_tail
FN:265,range.c:list_empty
FN:282,range.c:list_empty_careful
FN:289,range.c:__list_splice
FN:307,range.c:list_splice
FN:321,range.c:list_splice_init
FN:527,range.c:hlist_unhashed
FN:532,range.c:hlist_empty
FN:537,range.c:__hlist_del
FN:546,range.c:hlist_del
FN:572,range.c:hlist_del_rcu
FN:578,range.c:hlist_del_init
FN:588,range.c:hlist_add_head
FN:619,range.c:hlist_add_head_rcu
FN:632,range.c:hlist_add_before
FN:641,range.c:hlist_add_after
FN:79,connlimit.c:__list_add
FN:95,connlimit.c:list_add
FN:108,connlimit.c:list_add_tail
FN:120,connlimit.c:__list_add_rcu
FN:145,connlimit.c:list_add_rcu
FN:167,connlimit.c:list_add_tail_rcu
FN:179,connlimit.c:__list_del
FN:191,connlimit.c:list_del
FN:222,connlimit.c:list_del_rcu
FN:232,connlimit.c:list_del_init
FN:243,connlimit.c:list_move
FN:255,connlimit.c:list_move_tail
FN:265,connlimit.c:list_empty
FN:282,connlimit.c:list_empty_careful
FN:289,connlimit.c:__list_splice
FN:307,connlimit.c:list_splice
FN:321,connlimit.c:list_splice_init
FN:527,connlimit.c:hlist_unhashed
FN:532,connlimit.c:hlist_empty
FN:537,connlimit.c:__hlist_del
FN:546,connlimit.c:hlist_del
FN:572,connlimit.c:hlist_del_rcu
FN:578,connlimit.c:hlist_del_init
FN:588,connlimit.c:hlist_add_head
FN:619,connlimit.c:hlist_add_head_rcu
FN:632,connlimit.c:hlist_add_before
FN:641,connlimit.c:hlist_add_after
FN:79,counter.c:__list_add
FN:95,counter.c:list_add
FN:108,counter.c:list_add_tail
FN:120,counter.c:__list_add_rcu
FN:145,counter.c:list_add_rcu
FN:167,counter.c:list_add_tail_rcu
FN:179,counter.c:__list_del
FN:191,counter.c:list_del
FN:222,counter.c:list_del_rcu
FN:232,counter.c:list_del_init
FN:243,counter.c:list_move
FN:255,counter.c:list_move_tail
FN:265,counter.c:list_empty
FN:282,counter.c:list_empty_careful
FN:289,counter.c:__list_splice
FN:307,counter.c:list_splice
FN:321,counter.c:list_splice_init
FN:527,counter.c:hlist_unhashed
FN:532,counter.c:hlist_empty
FN:537,counter.c:__hlist_del
FN:546,counter.c:hlist_del
FN:572,counter.c:hlist_del_rcu
FN:578,counter.c:hlist_del_init
FN:588,counter.c:hlist_add_head
FN:619,counter.c:hlist_add_head_rcu
FN:632,counter.c:hlist_add_before
FN:641,counter.c:hlist_add_after
FN:79,ct.c:__list_add
FN:95,ct.c:list_add
FN:108,ct.c:list_add_tail
FN:120,ct.c:__list_add_rcu
FN:145,ct.c:list_add_rcu
FN:167,ct.c:list_add_tail_rcu
FN:179,ct.c:__list_del
FN:191,ct.c:list_del
FN:222,ct.c:list_del_rcu
FN:232,ct.c:list_del_init
FN:243,ct.c:list_move
FN:255,ct.c:list_move_tail
FN:265,ct.c:list_empty
FN:282,ct.c:list_empty_careful
FN:289,ct.c:__list_splice
FN:307,ct.c:list_splice
FN:321,ct.c:list_splice_init
FN:527,ct.c:hlist_unhashed
FN:532,ct.c:hlist_empty
FN:537,ct.c:__hlist_del
FN:546,ct.c:hlist_del
FN:572,ct.c:hlist_del_rcu
FN:578,ct.c:hlist_del_init
FN:588,ct.c:hlist_add_head
FN:619,ct.c:hlist_add_head_rcu
FN:632,ct.c:hlist_add_before
FN:641,ct.c:hlist_add_after
FN:79,data_reg.c:__list_add
FN:95,data_reg.c:list_add
FN:108,data_reg.c:list_add_tail
FN:120,data_reg.c:__list_add_rcu
FN:145,data_reg.c:list_add_rcu
FN:167,data_reg.c:list_add_tail_rcu
FN:179,data_reg.c:__list_del
FN:191,data_reg.c:list_del
FN:222,data_reg.c:list_del_rcu
FN:232,data_reg.c:list_del_init
FN:243,data_reg.c:list_move
FN:255,data_reg.c:list_move_tail
FN:265,data_reg.c:list_empty
FN:282,data_reg.c:list_empty_careful
FN:289,data_reg.c:__list_splice
FN:307,data_reg.c:list_splice
FN:321,data_reg.c:list_splice_init
FN:527,data_reg.c:hlist_unhashed
FN:532,data_reg.c:hlist_empty
FN:537,data_reg.c:__hlist_del
FN:546,data_reg.c:hlist_del
FN:572,data_reg.c:hlist_del_rcu
FN:578,data_reg.c:hlist_del_init
FN:588,data_reg.c:hlist_add_head
FN:619,data_reg.c:hlist_add_head_rcu
FN:632,data_reg.c:hlist_add_before
FN:641,data_reg.c:hlist_add_after
FN:79,dup.c:__list_add
FN:95,dup.c:list_add
FN:108,dup.c:list_add_tail
FN:120,dup.c:__list_add_rcu
FN:145,dup.c:list_add_rcu
FN:167,dup.c:list_add_tail_rcu
FN:179,dup.c:__list_del
FN:191,dup.c:list_del
FN:222,dup.c:list_del_rcu
FN:232,dup.c:list_del_init
FN:243,dup.c:list_move
FN:255,dup.c:list_move_tail
FN:265,dup.c:list_empty
FN:282,dup.c:list_empty_careful
FN:289,dup.c:__list_splice
FN:307,dup.c:list_splice
FN:321,dup.c:list_splice_init
FN:527,dup.c:hlist_unhashed
FN:532,dup.c:hlist_empty
FN:537,dup.c:__hlist_del
FN:546,dup.c:hlist_del
FN:572,dup.c:hlist_del_rcu
FN:578,dup.c:hlist_del_init
FN:588,dup.c:hlist_add_head
FN:619,dup.c:hlist_add_head_rcu
FN:632,dup.c:hlist_add_before
FN:641,dup.c:hlist_add_after
FN:79,exthdr.c:__list_add
FN:95,exthdr.c:list_add
FN:108,exthdr.c:list_add_tail
FN:120,exthdr.c:__list_add_rcu
FN:145,exthdr.c:list_add_rcu
FN:167,exthdr.c:list_add_tail_rcu
FN:179,exthdr.c:__list_del
FN:191,exthdr.c:list_del
FN:222,exthdr.c:list_del_rcu
FN:232,exthdr.c:list_del_init
FN:243,exthdr.c:list_move
FN:255,exthdr.c:list_move_tail
FN:265,exthdr.c:list_empty
FN:282,exthdr.c:list_empty_careful
FN:289,exthdr.c:__list_splice
FN:307,exthdr.c:list_splice
FN:321,exthdr.c:list_splice_init
FN:527,exthdr.c:hlist_unhashed
FN:532,exthdr.c:hlist_empty
FN:537,exthdr.c:__hlist_del
FN:546,exthdr.c:hlist_del
FN:572,exthdr.c:hlist_del_rcu
FN:578,exthdr.c:hlist_del_init
FN:588,exthdr.c:hlist_add_head
FN:619,exthdr.c:hlist_add_head_rcu
FN:632,exthdr.c:hlist_add_before
FN:641,exthdr.c:hlist_add_after
FN:79,flow_offload.c:__list_add
FN:95,flow_offload.c:list_add
FN:108,flow_offload.c:list_add_tail
FN:120,flow_offload.c:__list_add_rcu
FN:145,flow_offload.c:list_add_rcu
FN:167,flow_offload.c:list_add_tail_rcu
FN:179,flow_offload.c:__list_del
FN:191,flow_offload.c:list_del
FN:222,flow_offload.c:list_del_rcu
FN:232,flow_offload.c:list_del_init
FN:243,flow_offload.c:list_move
FN:255,flow_offload.c:list_move_tail
FN:265,flow_offload.c:list_empty
FN:282,flow_offload.c:list_empty_careful
FN:289,flow_offload.c:__list_splice
FN:307,flow_offload.c:list_splice
FN:321,flow_offload.c:list_splice_init
FN:527,flow_offload.c:hlist_unhashed
FN:532,flow_offload.c:hlist_empty
FN:537,flow_offload.c:__hlist_del
FN:546,flow_offload.c:hlist_del
FN:572,flow_offload.c:hlist_del_rcu
FN:578,flow_offload.c:hlist_del_init
FN:588,flow_offload.c:hlist_add_head
FN:619,flow_offload.c:hlist_add_head_rcu
FN:632,flow_offload.c:hlist_add_before
FN:641,flow_offload.c:hlist_add_after
FN:79,fib.c:__list_add
FN:95,fib.c:list_add
FN:108,fib.c:list_add_tail
FN:120,fib.c:__list_add_rcu
FN:145,fib.c:list_add_rcu
FN:167,fib.c:list_add_tail_rcu
FN:179,fib.c:__list_del
FN:191,fib.c:list_del
FN:222,fib.c:list_del_rcu
FN:232,fib.c:list_del_init
FN:243,fib.c:list_move
FN:255,fib.c:list_move_tail
FN:265,fib.c:list_empty
FN:282,fib.c:list_empty_careful
FN:289,fib.c:__list_splice
FN:307,fib.c:list_splice
FN:321,fib.c:list_splice_init
FN:527,fib.c:hlist_unhashed
FN:532,fib.c:hlist_empty
FN:537,fib.c:__hlist_del
FN:546,fib.c:hlist_del
FN:572,fib.c:hlist_del_rcu
FN:578,fib.c:hlist_del_init
FN:588,fib.c:hlist_add_head
FN:619,fib.c:hlist_add_head_rcu
FN:632,fib.c:hlist_add_before
FN:641,fib.c:hlist_add_after
FN:79,fwd.c:__list_add
FN:95,fwd.c:list_add
FN:108,fwd.c:list_add_tail
FN:120,fwd.c:__list_add_rcu
FN:145,fwd.c:list_add_rcu
FN:167,fwd.c:list_add_tail_rcu
FN:179,fwd.c:__list_del
FN:191,fwd.c:list_del
FN:222,fwd.c:list_del_rcu
FN:232,fwd.c:list_del_init
FN:243,fwd.c:list_move
FN:255,fwd.c:list_move_tail
FN:265,fwd.c:list_empty
FN:282,fwd.c:list_empty_careful
FN:289,fwd.c:__list_splice
FN:307,fwd.c:list_splice
FN:321,fwd.c:list_splice_init
FN:527,fwd.c:hlist_unhashed
FN:532,fwd.c:hlist_empty
FN:537,fwd.c:__hlist_del
FN:546,fwd.c:hlist_del
FN:572,fwd.c:hlist_del_rcu
FN:578,fwd.c:hlist_del_init
FN:588,fwd.c:hlist_add_head
FN:619,fwd.c:hlist_add_head_rcu
FN:632,fwd.c:hlist_add_before
FN:641,fwd.c:hlist_add_after
FN:79,last.c:__list_add
FN:95,last.c:list_add
FN:108,last.c:list_add_tail
FN:120,last.c:__list_add_rcu
FN:145,last.c:list_add_rcu
FN:167,last.c:list_add_tail_rcu
FN:179,last.c:__list_del
FN:191,last.c:list_del
FN:222,last.c:list_del_rcu
FN:232,last.c:list_del_init
FN:243,last.c:list_move
FN:255,last.c:list_move_tail
FN:265,last.c:list_empty
FN:282,last.c:list_empty_careful
FN:289,last.c:__list_splice
FN:307,last.c:list_splice
FN:321,last.c:list_splice_init
FN:527,last.c:hlist_unhashed
FN:532,last.c:hlist_empty
FN:537,last.c:__hlist_del
FN:546,last.c:hlist_del
FN:572,last.c:hlist_del_rcu
FN:578,last.c:hlist_del_init
FN:588,last.c:hlist_add_head
FN:619,last.c:hlist_add_head_rcu
FN:632,last.c:hlist_add_before
FN:641,last.c:hlist_add_after
FN:79,limit.c:__list_add
FN:95,limit.c:list_add
FN:108,limit.c:list_add_tail
FN:120,limit.c:__list_add_rcu
FN:145,limit.c:list_add_rcu
FN:167,limit.c:list_add_tail_rcu
FN:179,limit.c:__list_del
FN:191,limit.c:list_del
FN:222,limit.c:list_del_rcu
FN:232,limit.c:list_del_init
FN:243,limit.c:list_move
FN:255,limit.c:list_move_tail
FN:265,limit.c:list_empty
FN:282,limit.c:list_empty_careful
FN:289,limit.c:__list_splice
FN:307,limit.c:list_splice
FN:321,limit.c:list_splice_init
FN:527,limit.c:hlist_unhashed
FN:532,limit.c:hlist_empty
FN:537,limit.c:__hlist_del
FN:546,limit.c:hlist_del
FN:572,limit.c:hlist_del_rcu
FN:578,limit.c:hlist_del_init
FN:588,limit.c:hlist_add_head
FN:619,limit.c:hlist_add_head_rcu
FN:632,limit.c:hlist_add_before
FN:641,limit.c:hlist_add_after
FN:79,log.c:__list_add
FN:95,log.c:list_add
FN:108,log.c:list_add_tail
FN:120,log.c:__list_add_rcu
FN:145,log.c:list_add_rcu
FN:167,log.c:list_add_tail_rcu
FN:179,log.c:__list_del
FN:191,log.c:list_del
FN:222,log.c:list_del_rcu
FN:232,log.c:list_del_init
FN:243,log.c:list_move
FN:255,log.c:list_move_tail
FN:265,log.c:list_empty
FN:282,log.c:list_empty_careful
FN:289,log.c:__list_splice
FN:307,log.c:list_splice
FN:321,log.c:list_splice_init
FN:527,log.c:hlist_unhashed
FN:532,log.c:hlist_empty
FN:537,log.c:__hlist_del
FN:546,log.c:hlist_del
FN:572,log.c:hlist_del_rcu
FN:578,log.c:hlist_del_init
FN:588,log.c:hlist_add_head
FN:619,log.c:hlist_add_head_rcu
FN:632,log.c:hlist_add_before
FN:641,log.c:hlist_add_after
FN:79,lookup.c:__list_add
FN:95,lookup.c:list_add
FN:108,lookup.c:list_add_tail
FN:120,lookup.c:__list_add_rcu
FN:145,lookup.c:list_add_rcu
FN:167,lookup.c:list_add_tail_rcu
FN:179,lookup.c:__list_del
FN:191,lookup.c:list_del
FN:222,lookup.c:list_del_rcu
FN:232,lookup.c:list_del_init
FN:243,lookup.c:list_move
FN:255,lookup.c:list_move_tail
FN:265,lookup.c:list_empty
FN:282,lookup.c:list_empty_careful
FN:289,lookup.c:__list_splice
FN:307,lookup.c:list_splice
FN:321,lookup.c:list_splice_init
FN:527,lookup.c:hlist_unhashed
FN:532,lookup.c:hlist_empty
FN:537,lookup.c:__hlist_del
FN:546,lookup.c:hlist_del
FN:572,lookup.c:hlist_del_rcu
FN:578,lookup.c:hlist_del_init
FN:588,lookup.c:hlist_add_head
FN:619,lookup.c:hlist_add_head_rcu
FN:632,lookup.c:hlist_add_before
FN:641,lookup.c:hlist_add_after
FN:108,dynset.c:list_add_tail
FN:79,dynset.c:__list_add
FN:95,dynset.c:list_add
FN:265,dynset.c:list_empty
FN:120,dynset.c:__list_add_rcu
FN:145,dynset.c:list_add_rcu
FN:167,dynset.c:list_add_tail_rcu
FN:179,dynset.c:__list_del
FN:191,dynset.c:list_del
FN:222,dynset.c:list_del_rcu
FN:232,dynset.c:list_del_init
FN:243,dynset.c:list_move
FN:255,dynset.c:list_move_tail
FN:282,dynset.c:list_empty_careful
FN:289,dynset.c:__list_splice
FN:307,dynset.c:list_splice
FN:321,dynset.c:list_splice_init
FN:527,dynset.c:hlist_unhashed
FN:532,dynset.c:hlist_empty
FN:537,dynset.c:__hlist_del
FN:546,dynset.c:hlist_del
FN:572,dynset.c:hlist_del_rcu
FN:578,dynset.c:hlist_del_init
FN:588,dynset.c:hlist_add_head
FN:619,dynset.c:hlist_add_head_rcu
FN:632,dynset.c:hlist_add_before
FN:641,dynset.c:hlist_add_after
FN:79,immediate.c:__list_add
FN:95,immediate.c:list_add
FN:108,immediate.c:list_add_tail
FN:120,immediate.c:__list_add_rcu
FN:145,immediate.c:list_add_rcu
FN:167,immediate.c:list_add_tail_rcu
FN:179,immediate.c:__list_del
FN:191,immediate.c:list_del
FN:222,immediate.c:list_del_rcu
FN:232,immediate.c:list_del_init
FN:243,immediate.c:list_move
FN:255,immediate.c:list_move_tail
FN:265,immediate.c:list_empty
FN:282,immediate.c:list_empty_careful
FN:289,immediate.c:__list_splice
FN:307,immediate.c:list_splice
FN:321,immediate.c:list_splice_init
FN:527,immediate.c:hlist_unhashed
FN:532,immediate.c:hlist_empty
FN:537,immediate.c:__hlist_del
FN:546,immediate.c:hlist_del
FN:572,immediate.c:hlist_del_rcu
FN:578,immediate.c:hlist_del_init
FN:588,immediate.c:hlist_add_head
FN:619,immediate.c:hlist_add_head_rcu
FN:632,immediate.c:hlist_add_before
FN:641,immediate.c:hlist_add_after
FN:79,inner.c:__list_add
FN:95,inner.c:list_add
FN:108,inner.c:list_add_tail
FN:120,inner.c:__list_add_rcu
FN:145,inner.c:list_add_rcu
FN:167,inner.c:list_add_tail_rcu
FN:179,inner.c:__list_del
FN:191,inner.c:list_del
FN:222,inner.c:list_del_rcu
FN:232,inner.c:list_del_init
FN:243,inner.c:list_move
FN:255,inner.c:list_move_tail
FN:265,inner.c:list_empty
FN:282,inner.c:list_empty_careful
FN:289,inner.c:__list_splice
FN:307,inner.c:list_splice
FN:321,inner.c:list_splice_init
FN:527,inner.c:hlist_unhashed
FN:532,inner.c:hlist_empty
FN:537,inner.c:__hlist_del
FN:546,inner.c:hlist_del
FN:572,inner.c:hlist_del_rcu
FN:578,inner.c:hlist_del_init
FN:588,inner.c:hlist_add_head
FN:619,inner.c:hlist_add_head_rcu
FN:632,inner.c:hlist_add_before
FN:641,inner.c:hlist_add_after
FN:79,match.c:__list_add
FN:95,match.c:list_add
FN:108,match.c:list_add_tail
FN:120,match.c:__list_add_rcu
FN:145,match.c:list_add_rcu
FN:167,match.c:list_add_tail_rcu
FN:179,match.c:__list_del
FN:191,match.c:list_del
FN:222,match.c:list_del_rcu
FN:232,match.c:list_del_init
FN:243,match.c:list_move
FN:255,match.c:list_move_tail
FN:265,match.c:list_empty
FN:282,match.c:list_empty_careful
FN:289,match.c:__list_splice
FN:307,match.c:list_splice
FN:321,match.c:list_splice_init
FN:527,match.c:hlist_unhashed
FN:532,match.c:hlist_empty
FN:537,match.c:__hlist_del
FN:546,match.c:hlist_del
FN:572,match.c:hlist_del_rcu
FN:578,match.c:hlist_del_init
FN:588,match.c:hlist_add_head
FN:619,match.c:hlist_add_head_rcu
FN:632,match.c:hlist_add_before
FN:641,match.c:hlist_add_after
FN:79,meta.c:__list_add
FN:95,meta.c:list_add
FN:108,meta.c:list_add_tail
FN:120,meta.c:__list_add_rcu
FN:145,meta.c:list_add_rcu
FN:167,meta.c:list_add_tail_rcu
FN:179,meta.c:__list_del
FN:191,meta.c:list_del
FN:222,meta.c:list_del_rcu
FN:232,meta.c:list_del_init
FN:243,meta.c:list_move
FN:255,meta.c:list_move_tail
FN:265,meta.c:list_empty
FN:282,meta.c:list_empty_careful
FN:289,meta.c:__list_splice
FN:307,meta.c:list_splice
FN:321,meta.c:list_splice_init
FN:527,meta.c:hlist_unhashed
FN:532,meta.c:hlist_empty
FN:537,meta.c:__hlist_del
FN:546,meta.c:hlist_del
FN:572,meta.c:hlist_del_rcu
FN:578,meta.c:hlist_del_init
FN:588,meta.c:hlist_add_head
FN:619,meta.c:hlist_add_head_rcu
FN:632,meta.c:hlist_add_before
FN:641,meta.c:hlist_add_after
FN:79,numgen.c:__list_add
FN:95,numgen.c:list_add
FN:108,numgen.c:list_add_tail
FN:120,numgen.c:__list_add_rcu
FN:145,numgen.c:list_add_rcu
FN:167,numgen.c:list_add_tail_rcu
FN:179,numgen.c:__list_del
FN:191,numgen.c:list_del
FN:222,numgen.c:list_del_rcu
FN:232,numgen.c:list_del_init
FN:243,numgen.c:list_move
FN:255,numgen.c:list_move_tail
FN:265,numgen.c:list_empty
FN:282,numgen.c:list_empty_careful
FN:289,numgen.c:__list_splice
FN:307,numgen.c:list_splice
FN:321,numgen.c:list_splice_init
FN:527,numgen.c:hlist_unhashed
FN:532,numgen.c:hlist_empty
FN:537,numgen.c:__hlist_del
FN:546,numgen.c:hlist_del
FN:572,numgen.c:hlist_del_rcu
FN:578,numgen.c:hlist_del_init
FN:588,numgen.c:hlist_add_head
FN:619,numgen.c:hlist_add_head_rcu
FN:632,numgen.c:hlist_add_before
FN:641,numgen.c:hlist_add_after
FN:79,nat.c:__list_add
FN:95,nat.c:list_add
FN:108,nat.c:list_add_tail
FN:120,nat.c:__list_add_rcu
FN:145,nat.c:list_add_rcu
FN:167,nat.c:list_add_tail_rcu
FN:179,nat.c:__list_del
FN:191,nat.c:list_del
FN:222,nat.c:list_del_rcu
FN:232,nat.c:list_del_init
FN:243,nat.c:list_move
FN:255,nat.c:list_move_tail
FN:265,nat.c:list_empty
FN:282,nat.c:list_empty_careful
FN:289,nat.c:__list_splice
FN:307,nat.c:list_splice
FN:321,nat.c:list_splice_init
FN:527,nat.c:hlist_unhashed
FN:532,nat.c:hlist_empty
FN:537,nat.c:__hlist_del
FN:546,nat.c:hlist_del
FN:572,nat.c:hlist_del_rcu
FN:578,nat.c:hlist_del_init
FN:588,nat.c:hlist_add_head
FN:619,nat.c:hlist_add_head_rcu
FN:632,nat.c:hlist_add_before
FN:641,nat.c:hlist_add_after
FN:79,tproxy.c:__list_add
FN:95,tproxy.c:list_add
FN:108,tproxy.c:list_add_tail
FN:120,tproxy.c:__list_add_rcu
FN:145,tproxy.c:list_add_rcu
FN:167,tproxy.c:list_add_tail_rcu
FN:179,tproxy.c:__list_del
FN:191,tproxy.c:list_del
FN:222,tproxy.c:list_del_rcu
FN:232,tproxy.c:list_del_init
FN:243,tproxy.c:list_move
FN:255,tproxy.c:list_move_tail
FN:265,tproxy.c:list_empty
FN:282,tproxy.c:list_empty_careful
FN:289,tproxy.c:__list_splice
FN:307,tproxy.c:list_splice
FN:321,tproxy.c:list_splice_init
FN:527,tproxy.c:hlist_unhashed
FN:532,tproxy.c:hlist_empty
FN:537,tproxy.c:__hlist_del
FN:546,tproxy.c:hlist_del
FN:572,tproxy.c:hlist_del_rcu
FN:578,tproxy.c:hlist_del_init
FN:588,tproxy.c:hlist_add_head
FN:619,tproxy.c:hlist_add_head_rcu
FN:632,tproxy.c:hlist_add_before
FN:641,tproxy.c:hlist_add_after
FN:79,objref.c:__list_add
FN:95,objref.c:list_add
FN:108,objref.c:list_add_tail
FN:120,objref.c:__list_add_rcu
FN:145,objref.c:list_add_rcu
FN:167,objref.c:list_add_tail_rcu
FN:179,objref.c:__list_del
FN:191,objref.c:list_del
FN:222,objref.c:list_del_rcu
FN:232,objref.c:list_del_init
FN:243,objref.c:list_move
FN:255,objref.c:list_move_tail
FN:265,objref.c:list_empty
FN:282,objref.c:list_empty_careful
FN:289,objref.c:__list_splice
FN:307,objref.c:list_splice
FN:321,objref.c:list_splice_init
FN:527,objref.c:hlist_unhashed
FN:532,objref.c:hlist_empty
FN:537,objref.c:__hlist_del
FN:546,objref.c:hlist_del
FN:572,objref.c:hlist_del_rcu
FN:578,objref.c:hlist_del_init
FN:588,objref.c:hlist_add_head
FN:619,objref.c:hlist_add_head_rcu
FN:632,objref.c:hlist_add_before
FN:641,objref.c:hlist_add_after
FN:79,payload.c:__list_add
FN:95,payload.c:list_add
FN:108,payload.c:list_add_tail
FN:120,payload.c:__list_add_rcu
FN:145,payload.c:list_add_rcu
FN:167,payload.c:list_add_tail_rcu
FN:179,payload.c:__list_del
FN:191,payload.c:list_del
FN:222,payload.c:list_del_rcu
FN:232,payload.c:list_del_init
FN:243,payload.c:list_move
FN:255,payload.c:list_move_tail
FN:265,payload.c:list_empty
FN:282,payload.c:list_empty_careful
FN:289,payload.c:__list_splice
FN:307,payload.c:list_splice
FN:321,payload.c:list_splice_init
FN:527,payload.c:hlist_unhashed
FN:532,payload.c:hlist_empty
FN:537,payload.c:__hlist_del
FN:546,payload.c:hlist_del
FN:572,payload.c:hlist_del_rcu
FN:578,payload.c:hlist_del_init
FN:588,payload.c:hlist_add_head
FN:619,payload.c:hlist_add_head_rcu
FN:632,payload.c:hlist_add_before
FN:641,payload.c:hlist_add_after
FN:79,queue.c:__list_add
FN:95,queue.c:list_add
FN:108,queue.c:list_add_tail
FN:120,queue.c:__list_add_rcu
FN:145,queue.c:list_add_rcu
FN:167,queue.c:list_add_tail_rcu
FN:179,queue.c:__list_del
FN:191,queue.c:list_del
FN:222,queue.c:list_del_rcu
FN:232,queue.c:list_del_init
FN:243,queue.c:list_move
FN:255,queue.c:list_move_tail
FN:265,queue.c:list_empty
FN:282,queue.c:list_empty_careful
FN:289,queue.c:__list_splice
FN:307,queue.c:list_splice
FN:321,queue.c:list_splice_init
FN:527,queue.c:hlist_unhashed
FN:532,queue.c:hlist_empty
FN:537,queue.c:__hlist_del
FN:546,queue.c:hlist_del
FN:572,queue.c:hlist_del_rcu
FN:578,queue.c:hlist_del_init
FN:588,queue.c:hlist_add_head
FN:619,queue.c:hlist_add_head_rcu
FN:632,queue.c:hlist_add_before
FN:641,queue.c:hlist_add_after
FN:79,quota.c:__list_add
FN:95,quota.c:list_add
FN:108,quota.c:list_add_tail
FN:120,quota.c:__list_add_rcu
FN:145,quota.c:list_add_rcu
FN:167,quota.c:list_add_tail_rcu
FN:179,quota.c:__list_del
FN:191,quota.c:list_del
FN:222,quota.c:list_del_rcu
FN:232,quota.c:list_del_init
FN:243,quota.c:list_move
FN:255,quota.c:list_move_tail
FN:265,quota.c:list_empty
FN:282,quota.c:list_empty_careful
FN:289,quota.c:__list_splice
FN:307,quota.c:list_splice
FN:321,quota.c:list_splice_init
FN:527,quota.c:hlist_unhashed
FN:532,quota.c:hlist_empty
FN:537,quota.c:__hlist_del
FN:546,quota.c:hlist_del
FN:572,quota.c:hlist_del_rcu
FN:578,quota.c:hlist_del_init
FN:588,quota.c:hlist_add_head
FN:619,quota.c:hlist_add_head_rcu
FN:632,quota.c:hlist_add_before
FN:641,quota.c:hlist_add_after
FN:79,reject.c:__list_add
FN:95,reject.c:list_add
FN:108,reject.c:list_add_tail
FN:120,reject.c:__list_add_rcu
FN:145,reject.c:list_add_rcu
FN:167,reject.c:list_add_tail_rcu
FN:179,reject.c:__list_del
FN:191,reject.c:list_del
FN:222,reject.c:list_del_rcu
FN:232,reject.c:list_del_init
FN:243,reject.c:list_move
FN:255,reject.c:list_move_tail
FN:265,reject.c:list_empty
FN:282,reject.c:list_empty_careful
FN:289,reject.c:__list_splice
FN:307,reject.c:list_splice
FN:321,reject.c:list_splice_init
FN:527,reject.c:hlist_unhashed
FN:532,reject.c:hlist_empty
FN:537,reject.c:__hlist_del
FN:546,reject.c:hlist_del
FN:572,reject.c:hlist_del_rcu
FN:578,reject.c:hlist_del_init
FN:588,reject.c:hlist_add_head
FN:619,reject.c:hlist_add_head_rcu
FN:632,reject.c:hlist_add_before
FN:641,reject.c:hlist_add_after
FN:79,rt.c:__list_add
FN:95,rt.c:list_add
FN:108,rt.c:list_add_tail
FN:120,rt.c:__list_add_rcu
FN:145,rt.c:list_add_rcu
FN:167,rt.c:list_add_tail_rcu
FN:179,rt.c:__list_del
FN:191,rt.c:list_del
FN:222,rt.c:list_del_rcu
FN:232,rt.c:list_del_init
FN:243,rt.c:list_move
FN:255,rt.c:list_move_tail
FN:265,rt.c:list_empty
FN:282,rt.c:list_empty_careful
FN:289,rt.c:__list_splice
FN:307,rt.c:list_splice
FN:321,rt.c:list_splice_init
FN:527,rt.c:hlist_unhashed
FN:532,rt.c:hlist_empty
FN:537,rt.c:__hlist_del
FN:546,rt.c:hlist_del
FN:572,rt.c:hlist_del_rcu
FN:578,rt.c:hlist_del_init
FN:588,rt.c:hlist_add_head
FN:619,rt.c:hlist_add_head_rcu
FN:632,rt.c:hlist_add_before
FN:641,rt.c:hlist_add_after
FN:79,target.c:__list_add
FN:95,target.c:list_add
FN:108,target.c:list_add_tail
FN:120,target.c:__list_add_rcu
FN:145,target.c:list_add_rcu
FN:167,target.c:list_add_tail_rcu
FN:179,target.c:__list_del
FN:191,target.c:list_del
FN:222,target.c:list_del_rcu
FN:232,target.c:list_del_init
FN:243,target.c:list_move
FN:255,target.c:list_move_tail
FN:265,target.c:list_empty
FN:282,target.c:list_empty_careful
FN:289,target.c:__list_splice
FN:307,target.c:list_splice
FN:321,target.c:list_splice_init
FN:527,target.c:hlist_unhashed
FN:532,target.c:hlist_empty
FN:537,target.c:__hlist_del
FN:546,target.c:hlist_del
FN:572,target.c:hlist_del_rcu
FN:578,target.c:hlist_del_init
FN:588,target.c:hlist_add_head
FN:619,target.c:hlist_add_head_rcu
FN:632,target.c:hlist_add_before
FN:641,target.c:hlist_add_after
FN:79,tunnel.c:__list_add
FN:95,tunnel.c:list_add
FN:108,tunnel.c:list_add_tail
FN:120,tunnel.c:__list_add_rcu
FN:145,tunnel.c:list_add_rcu
FN:167,tunnel.c:list_add_tail_rcu
FN:179,tunnel.c:__list_del
FN:191,tunnel.c:list_del
FN:222,tunnel.c:list_del_rcu
FN:232,tunnel.c:list_del_init
FN:243,tunnel.c:list_move
FN:255,tunnel.c:list_move_tail
FN:265,tunnel.c:list_empty
FN:282,tunnel.c:list_empty_careful
FN:289,tunnel.c:__list_splice
FN:307,tunnel.c:list_splice
FN:321,tunnel.c:list_splice_init
FN:527,tunnel.c:hlist_unhashed
FN:532,tunnel.c:hlist_empty
FN:537,tunnel.c:__hlist_del
FN:546,tunnel.c:hlist_del
FN:572,tunnel.c:hlist_del_rcu
FN:578,tunnel.c:hlist_del_init
FN:588,tunnel.c:hlist_add_head
FN:619,tunnel.c:hlist_add_head_rcu
FN:632,tunnel.c:hlist_add_before
FN:641,tunnel.c:hlist_add_after
FN:79,masq.c:__list_add
FN:95,masq.c:list_add
FN:108,masq.c:list_add_tail
FN:120,masq.c:__list_add_rcu
FN:145,masq.c:list_add_rcu
FN:167,masq.c:list_add_tail_rcu
FN:179,masq.c:__list_del
FN:191,masq.c:list_del
FN:222,masq.c:list_del_rcu
FN:232,masq.c:list_del_init
FN:243,masq.c:list_move
FN:255,masq.c:list_move_tail
FN:265,masq.c:list_empty
FN:282,masq.c:list_empty_careful
FN:289,masq.c:__list_splice
FN:307,masq.c:list_splice
FN:321,masq.c:list_splice_init
FN:527,masq.c:hlist_unhashed
FN:532,masq.c:hlist_empty
FN:537,masq.c:__hlist_del
FN:546,masq.c:hlist_del
FN:572,masq.c:hlist_del_rcu
FN:578,masq.c:hlist_del_init
FN:588,masq.c:hlist_add_head
FN:619,masq.c:hlist_add_head_rcu
FN:632,masq.c:hlist_add_before
FN:641,masq.c:hlist_add_after
FN:79,redir.c:__list_add
FN:95,redir.c:list_add
FN:108,redir.c:list_add_tail
FN:120,redir.c:__list_add_rcu
FN:145,redir.c:list_add_rcu
FN:167,redir.c:list_add_tail_rcu
FN:179,redir.c:__list_del
FN:191,redir.c:list_del
FN:222,redir.c:list_del_rcu
FN:232,redir.c:list_del_init
FN:243,redir.c:list_move
FN:255,redir.c:list_move_tail
FN:265,redir.c:list_empty
FN:282,redir.c:list_empty_careful
FN:289,redir.c:__list_splice
FN:307,redir.c:list_splice
FN:321,redir.c:list_splice_init
FN:527,redir.c:hlist_unhashed
FN:532,redir.c:hlist_empty
FN:537,redir.c:__hlist_del
FN:546,redir.c:hlist_del
FN:572,redir.c:hlist_del_rcu
FN:578,redir.c:hlist_del_init
FN:588,redir.c:hlist_add_head
FN:619,redir.c:hlist_add_head_rcu
FN:632,redir.c:hlist_add_before
FN:641,redir.c:hlist_add_after
FN:79,hash.c:__list_add
FN:95,hash.c:list_add
FN:108,hash.c:list_add_tail
FN:120,hash.c:__list_add_rcu
FN:145,hash.c:list_add_rcu
FN:167,hash.c:list_add_tail_rcu
FN:179,hash.c:__list_del
FN:191,hash.c:list_del
FN:222,hash.c:list_del_rcu
FN:232,hash.c:list_del_init
FN:243,hash.c:list_move
FN:255,hash.c:list_move_tail
FN:265,hash.c:list_empty
FN:282,hash.c:list_empty_careful
FN:289,hash.c:__list_splice
FN:307,hash.c:list_splice
FN:321,hash.c:list_splice_init
FN:527,hash.c:hlist_unhashed
FN:532,hash.c:hlist_empty
FN:537,hash.c:__hlist_del
FN:546,hash.c:hlist_del
FN:572,hash.c:hlist_del_rcu
FN:578,hash.c:hlist_del_init
FN:588,hash.c:hlist_add_head
FN:619,hash.c:hlist_add_head_rcu
FN:632,hash.c:hlist_add_before
FN:641,hash.c:hlist_add_after
FN:79,socket.c:__list_add
FN:95,socket.c:list_add
FN:108,socket.c:list_add_tail
FN:120,socket.c:__list_add_rcu
FN:145,socket.c:list_add_rcu
FN:167,socket.c:list_add_tail_rcu
FN:179,socket.c:__list_del
FN:191,socket.c:list_del
FN:222,socket.c:list_del_rcu
FN:232,socket.c:list_del_init
FN:243,socket.c:list_move
FN:255,socket.c:list_move_tail
FN:265,socket.c:list_empty
FN:282,socket.c:list_empty_careful
FN:289,socket.c:__list_splice
FN:307,socket.c:list_splice
FN:321,socket.c:list_splice_init
FN:527,socket.c:hlist_unhashed
FN:532,socket.c:hlist_empty
FN:537,socket.c:__hlist_del
FN:546,socket.c:hlist_del
FN:572,socket.c:hlist_del_rcu
FN:578,socket.c:hlist_del_init
FN:588,socket.c:hlist_add_head
FN:619,socket.c:hlist_add_head_rcu
FN:632,socket.c:hlist_add_before
FN:641,socket.c:hlist_add_after
FN:79,synproxy.c:__list_add
FN:95,synproxy.c:list_add
FN:108,synproxy.c:list_add_tail
FN:120,synproxy.c:__list_add_rcu
FN:145,synproxy.c:list_add_rcu
FN:167,synproxy.c:list_add_tail_rcu
FN:179,synproxy.c:__list_del
FN:191,synproxy.c:list_del
FN:222,synproxy.c:list_del_rcu
FN:232,synproxy.c:list_del_init
FN:243,synproxy.c:list_move
FN:255,synproxy.c:list_move_tail
FN:265,synproxy.c:list_empty
FN:282,synproxy.c:list_empty_careful
FN:289,synproxy.c:__list_splice
FN:307,synproxy.c:list_splice
FN:321,synproxy.c:list_splice_init
FN:527,synproxy.c:hlist_unhashed
FN:532,synproxy.c:hlist_empty
FN:537,synproxy.c:__hlist_del
FN:546,synproxy.c:hlist_del
FN:572,synproxy.c:hlist_del_rcu
FN:578,synproxy.c:hlist_del_init
FN:588,synproxy.c:hlist_add_head
FN:619,synproxy.c:hlist_add_head_rcu
FN:632,synproxy.c:hlist_add_before
FN:641,synproxy.c:hlist_add_after
FN:79,osf.c:__list_add
FN:95,osf.c:list_add
FN:108,osf.c:list_add_tail
FN:120,osf.c:__list_add_rcu
FN:145,osf.c:list_add_rcu
FN:167,osf.c:list_add_tail_rcu
FN:179,osf.c:__list_del
FN:191,osf.c:list_del
FN:222,osf.c:list_del_rcu
FN:232,osf.c:list_del_init
FN:243,osf.c:list_move
FN:255,osf.c:list_move_tail
FN:265,osf.c:list_empty
FN:282,osf.c:list_empty_careful
FN:289,osf.c:__list_splice
FN:307,osf.c:list_splice
FN:321,osf.c:list_splice_init
FN:527,osf.c:hlist_unhashed
FN:532,osf.c:hlist_empty
FN:537,osf.c:__hlist_del
FN:546,osf.c:hlist_del
FN:572,osf.c:hlist_del_rcu
FN:578,osf.c:hlist_del_init
FN:588,osf.c:hlist_add_head
FN:619,osf.c:hlist_add_head_rcu
FN:632,osf.c:hlist_add_before
FN:641,osf.c:hlist_add_after
FN:79,xfrm.c:__list_add
FN:95,xfrm.c:list_add
FN:108,xfrm.c:list_add_tail
FN:120,xfrm.c:__list_add_rcu
FN:145,xfrm.c:list_add_rcu
FN:167,xfrm.c:list_add_tail_rcu
FN:179,xfrm.c:__list_del
FN:191,xfrm.c:list_del
FN:222,xfrm.c:list_del_rcu
FN:232,xfrm.c:list_del_init
FN:243,xfrm.c:list_move
FN:255,xfrm.c:list_move_tail
FN:265,xfrm.c:list_empty
FN:282,xfrm.c:list_empty_careful
FN:289,xfrm.c:__list_splice
FN:307,xfrm.c:list_splice
FN:321,xfrm.c:list_splice_init
FN:527,xfrm.c:hlist_unhashed
FN:532,xfrm.c:hlist_empty
FN:537,xfrm.c:__hlist_del
FN:546,xfrm.c:hlist_del
FN:572,xfrm.c:hlist_del_rcu
FN:578,xfrm.c:hlist_del_init
FN:588,xfrm.c:hlist_add_head
FN:619,xfrm.c:hlist_add_head_rcu
FN:632,xfrm.c:hlist_add_before
FN:641,xfrm.c:hlist_add_after
FN:79,ct_helper.c:__list_add
FN:95,ct_helper.c:list_add
FN:108,ct_helper.c:list_add_tail
FN:120,ct_helper.c:__list_add_rcu
FN:145,ct_helper.c:list_add_rcu
FN:167,ct_helper.c:list_add_tail_rcu
FN:179,ct_helper.c:__list_del
FN:191,ct_helper.c:list_del
FN:222,ct_helper.c:list_del_rcu
FN:232,ct_helper.c:list_del_init
FN:243,ct_helper.c:list_move
FN:255,ct_helper.c:list_move_tail
FN:265,ct_helper.c:list_empty
FN:282,ct_helper.c:list_empty_careful
FN:289,ct_helper.c:__list_splice
FN:307,ct_helper.c:list_splice
FN:321,ct_helper.c:list_splice_init
FN:527,ct_helper.c:hlist_unhashed
FN:532,ct_helper.c:hlist_empty
FN:537,ct_helper.c:__hlist_del
FN:546,ct_helper.c:hlist_del
FN:572,ct_helper.c:hlist_del_rcu
FN:578,ct_helper.c:hlist_del_init
FN:588,ct_helper.c:hlist_add_head
FN:619,ct_helper.c:hlist_add_head_rcu
FN:632,ct_helper.c:hlist_add_before
FN:641,ct_helper.c:hlist_add_after
FN:79,ct_timeout.c:__list_add
FN:95,ct_timeout.c:list_add
FN:108,ct_timeout.c:list_add_tail
FN:120,ct_timeout.c:__list_add_rcu
FN:145,ct_timeout.c:list_add_rcu
FN:167,ct_timeout.c:list_add_tail_rcu
FN:179,ct_timeout.c:__list_del
FN:191,ct_timeout.c:list_del
FN:222,ct_timeout.c:list_del_rcu
FN:232,ct_timeout.c:list_del_init
FN:243,ct_timeout.c:list_move
FN:255,ct_timeout.c:list_move_tail
FN:265,ct_timeout.c:list_empty
FN:282,ct_timeout.c:list_empty_careful
FN:289,ct_timeout.c:__list_splice
FN:307,ct_timeout.c:list_splice
FN:321,ct_timeout.c:list_splice_init
FN:527,ct_timeout.c:hlist_unhashed
FN:532,ct_timeout.c:hlist_empty
FN:537,ct_timeout.c:__hlist_del
FN:546,ct_timeout.c:hlist_del
FN:572,ct_timeout.c:hlist_del_rcu
FN:578,ct_timeout.c:hlist_del_init
FN:588,ct_timeout.c:hlist_add_head
FN:619,ct_timeout.c:hlist_add_head_rcu
FN:632,ct_timeout.c:hlist_add_before
FN:641,ct_timeout.c:hlist_add_after
FN:79,secmark.c:__list_add
FN:95,secmark.c:list_add
FN:108,secmark.c:list_add_tail
FN:120,secmark.c:__list_add_rcu
FN:145,secmark.c:list_add_rcu
FN:167,secmark.c:list_add_tail_rcu
FN:179,secmark.c:__list_del
FN:191,secmark.c:list_del
FN:222,secmark.c:list_del_rcu
FN:232,secmark.c:list_del_init
FN:243,secmark.c:list_move
FN:255,secmark.c:list_move_tail
FN:265,secmark.c:list_empty
FN:282,secmark.c:list_empty_careful
FN:289,secmark.c:__list_splice
FN:307,secmark.c:list_splice
FN:321,secmark.c:list_splice_init
FN:527,secmark.c:hlist_unhashed
FN:532,secmark.c:hlist_empty
FN:537,secmark.c:__hlist_del
FN:546,secmark.c:hlist_del
FN:572,secmark.c:hlist_del_rcu
FN:578,secmark.c:hlist_del_init
FN:588,secmark.c:hlist_add_head
FN:619,secmark.c:hlist_add_head_rcu
FN:632,secmark.c:hlist_add_before
FN:641,secmark.c:hlist_add_after
FN:79,ct_expect.c:__list_add
FN:95,ct_expect.c:list_add
FN:108,ct_expect.c:list_add_tail
FN:120,ct_expect.c:__list_add_rcu
FN:145,ct_expect.c:list_add_rcu
FN:167,ct_expect.c:list_add_tail_rcu
FN:179,ct_expect.c:__list_del
FN:191,ct_expect.c:list_del
FN:222,ct_expect.c:list_del_rcu
FN:232,ct_expect.c:list_del_init
FN:243,ct_expect.c:list_move
FN:255,ct_expect.c:list_move_tail
FN:265,ct_expect.c:list_empty
FN:282,ct_expect.c:list_empty_careful
FN:289,ct_expect.c:__list_splice
FN:307,ct_expect.c:list_splice
FN:321,ct_expect.c:list_splice_init
FN:527,ct_expect.c:hlist_unhashed
FN:532,ct_expect.c:hlist_empty
FN:537,ct_expect.c:__hlist_del
FN:546,ct_expect.c:hlist_del
FN:572,ct_expect.c:hlist_del_rcu
FN:578,ct_expect.c:hlist_del_init
FN:588,ct_expect.c:hlist_add_head
FN:619,ct_expect.c:hlist_add_head_rcu
FN:632,ct_expect.c:hlist_add_before
FN:641,ct_expect.c:hlist_add_after
FNDA:0,utils.c:__list_add
FNDA:0,utils.c:list_add
FNDA:0,utils.c:list_add_tail
FNDA:0,utils.c:__list_add_rcu
FNDA:0,utils.c:list_add_rcu
FNDA:0,utils.c:list_add_tail_rcu
FNDA:0,utils.c:__list_del
FNDA:0,utils.c:list_del
FNDA:0,utils.c:list_del_rcu
FNDA:0,utils.c:list_del_init
FNDA:0,utils.c:list_move
FNDA:0,utils.c:list_move_tail
FNDA:0,utils.c:list_empty
FNDA:0,utils.c:list_empty_careful
FNDA:0,utils.c:__list_splice
FNDA:0,utils.c:list_splice
FNDA:0,utils.c:list_splice_init
FNDA:0,utils.c:hlist_unhashed
FNDA:0,utils.c:hlist_empty
FNDA:0,utils.c:__hlist_del
FNDA:0,utils.c:hlist_del
FNDA:0,utils.c:hlist_del_rcu
FNDA:0,utils.c:hlist_del_init
FNDA:0,utils.c:hlist_add_head
FNDA:0,utils.c:hlist_add_head_rcu
FNDA:0,utils.c:hlist_add_before
FNDA:0,utils.c:hlist_add_after
FNDA:0,batch.c:list_add_tail
FNDA:0,batch.c:__list_add
FNDA:0,batch.c:list_add
FNDA:0,batch.c:__list_add_rcu
FNDA:0,batch.c:list_add_rcu
FNDA:0,batch.c:list_add_tail_rcu
FNDA:0,batch.c:__list_del
FNDA:0,batch.c:list_del
FNDA:0,batch.c:list_del_rcu
FNDA:0,batch.c:list_del_init
FNDA:0,batch.c:list_move
FNDA:0,batch.c:list_move_tail
FNDA:0,batch.c:list_empty
FNDA:0,batch.c:list_empty_careful
FNDA:0,batch.c:__list_splice
FNDA:0,batch.c:list_splice
FNDA:0,batch.c:list_splice_init
FNDA:0,batch.c:hlist_unhashed
FNDA:0,batch.c:hlist_empty
FNDA:0,batch.c:__hlist_del
FNDA:0,batch.c:hlist_del
FNDA:0,batch.c:hlist_del_rcu
FNDA:0,batch.c:hlist_del_init
FNDA:0,batch.c:hlist_add_head
FNDA:0,batch.c:hlist_add_head_rcu
FNDA:0,batch.c:hlist_add_before
FNDA:0,batch.c:hlist_add_after
FNDA:0,flowtable.c:list_del
FNDA:0,flowtable.c:__list_del
FNDA:0,flowtable.c:list_empty
FNDA:0,flowtable.c:list_add
FNDA:0,flowtable.c:__list_add
FNDA:0,flowtable.c:list_add_tail
FNDA:0,flowtable.c:__list_add_rcu
FNDA:0,flowtable.c:list_add_rcu
FNDA:0,flowtable.c:list_add_tail_rcu
FNDA:0,flowtable.c:list_del_rcu
FNDA:0,flowtable.c:list_del_init
FNDA:0,flowtable.c:list_move
FNDA:0,flowtable.c:list_move_tail
FNDA:0,flowtable.c:list_empty_careful
FNDA:0,flowtable.c:__list_splice
FNDA:0,flowtable.c:list_splice
FNDA:0,flowtable.c:list_splice_init
FNDA:0,flowtable.c:hlist_unhashed
FNDA:0,flowtable.c:hlist_empty
FNDA:0,flowtable.c:__hlist_del
FNDA:0,flowtable.c:hlist_del
FNDA:0,flowtable.c:hlist_del_rcu
FNDA:0,flowtable.c:hlist_del_init
FNDA:0,flowtable.c:hlist_add_head
FNDA:0,flowtable.c:hlist_add_head_rcu
FNDA:0,flowtable.c:hlist_add_before
FNDA:0,flowtable.c:hlist_add_after
FNDA:0,common.c:__list_add
FNDA:0,common.c:list_add
FNDA:0,common.c:list_add_tail
FNDA:0,common.c:__list_add_rcu
FNDA:0,common.c:list_add_rcu
FNDA:0,common.c:list_add_tail_rcu
FNDA:0,common.c:__list_del
FNDA:0,common.c:list_del
FNDA:0,common.c:list_del_rcu
FNDA:0,common.c:list_del_init
FNDA:0,common.c:list_move
FNDA:0,common.c:list_move_tail
FNDA:0,common.c:list_empty
FNDA:0,common.c:list_empty_careful
FNDA:0,common.c:__list_splice
FNDA:0,common.c:list_splice
FNDA:0,common.c:list_splice_init
FNDA:0,common.c:hlist_unhashed
FNDA:0,common.c:hlist_empty
FNDA:0,common.c:__hlist_del
FNDA:0,common.c:hlist_del
FNDA:0,common.c:hlist_del_rcu
FNDA:0,common.c:hlist_del_init
FNDA:0,common.c:hlist_add_head
FNDA:0,common.c:hlist_add_head_rcu
FNDA:0,common.c:hlist_add_before
FNDA:0,common.c:hlist_add_after
FNDA:0,gen.c:__list_add
FNDA:0,gen.c:list_add
FNDA:0,gen.c:list_add_tail
FNDA:0,gen.c:__list_add_rcu
FNDA:0,gen.c:list_add_rcu
FNDA:0,gen.c:list_add_tail_rcu
FNDA:0,gen.c:__list_del
FNDA:0,gen.c:list_del
FNDA:0,gen.c:list_del_rcu
FNDA:0,gen.c:list_del_init
FNDA:0,gen.c:list_move
FNDA:0,gen.c:list_move_tail
FNDA:0,gen.c:list_empty
FNDA:0,gen.c:list_empty_careful
FNDA:0,gen.c:__list_splice
FNDA:0,gen.c:list_splice
FNDA:0,gen.c:list_splice_init
FNDA:0,gen.c:hlist_unhashed
FNDA:0,gen.c:hlist_empty
FNDA:0,gen.c:__hlist_del
FNDA:0,gen.c:hlist_del
FNDA:0,gen.c:hlist_del_rcu
FNDA:0,gen.c:hlist_del_init
FNDA:0,gen.c:hlist_add_head
FNDA:0,gen.c:hlist_add_head_rcu
FNDA:0,gen.c:hlist_add_before
FNDA:0,gen.c:hlist_add_after
FNDA:0,table.c:list_del
FNDA:0,table.c:__list_del
FNDA:0,table.c:list_empty
FNDA:0,table.c:list_add
FNDA:0,table.c:__list_add
FNDA:0,table.c:list_add_tail
FNDA:0,table.c:__list_add_rcu
FNDA:0,table.c:list_add_rcu
FNDA:0,table.c:list_add_tail_rcu
FNDA:0,table.c:list_del_rcu
FNDA:0,table.c:list_del_init
FNDA:0,table.c:list_move
FNDA:0,table.c:list_move_tail
FNDA:0,table.c:list_empty_careful
FNDA:0,table.c:__list_splice
FNDA:0,table.c:list_splice
FNDA:0,table.c:list_splice_init
FNDA:0,table.c:hlist_unhashed
FNDA:0,table.c:hlist_empty
FNDA:0,table.c:__hlist_del
FNDA:0,table.c:hlist_del
FNDA:0,table.c:hlist_del_rcu
FNDA:0,table.c:hlist_del_init
FNDA:0,table.c:hlist_add_head
FNDA:0,table.c:hlist_add_head_rcu
FNDA:0,table.c:hlist_add_before
FNDA:0,table.c:hlist_add_after
FNDA:0,trace.c:__list_add
FNDA:0,trace.c:list_add
FNDA:0,trace.c:list_add_tail
FNDA:0,trace.c:__list_add_rcu
FNDA:0,trace.c:list_add_rcu
FNDA:0,trace.c:list_add_tail_rcu
FNDA:0,trace.c:__list_del
FNDA:0,trace.c:list_del
FNDA:0,trace.c:list_del_rcu
FNDA:0,trace.c:list_del_init
FNDA:0,trace.c:list_move
FNDA:0,trace.c:list_move_tail
FNDA:0,trace.c:list_empty
FNDA:0,trace.c:list_empty_careful
FNDA:0,trace.c:__list_splice
FNDA:0,trace.c:list_splice
FNDA:0,trace.c:list_splice_init
FNDA:0,trace.c:hlist_unhashed
FNDA:0,trace.c:hlist_empty
FNDA:0,trace.c:__hlist_del
FNDA:0,trace.c:hlist_del
FNDA:0,trace.c:hlist_del_rcu
FNDA:0,trace.c:hlist_del_init
FNDA:0,trace.c:hlist_add_head
FNDA:0,trace.c:hlist_add_head_rcu
FNDA:0,trace.c:hlist_add_before
FNDA:0,trace.c:hlist_add_after
FNDA:0,chain.c:list_add
FNDA:0,chain.c:__list_add
FNDA:0,chain.c:list_del
FNDA:0,chain.c:__list_del
FNDA:0,chain.c:list_add_tail
FNDA:0,chain.c:hlist_del
FNDA:0,chain.c:__hlist_del
FNDA:0,chain.c:list_empty
FNDA:0,chain.c:hlist_add_head
FNDA:0,chain.c:__list_add_rcu
FNDA:0,chain.c:list_add_rcu
FNDA:0,chain.c:list_add_tail_rcu
FNDA:0,chain.c:list_del_rcu
FNDA:0,chain.c:list_del_init
FNDA:0,chain.c:list_move
FNDA:0,chain.c:list_move_tail
FNDA:0,chain.c:list_empty_careful
FNDA:0,chain.c:__list_splice
FNDA:0,chain.c:list_splice
FNDA:0,chain.c:list_splice_init
FNDA:0,chain.c:hlist_unhashed
FNDA:0,chain.c:hlist_empty
FNDA:0,chain.c:hlist_del_rcu
FNDA:0,chain.c:hlist_del_init
FNDA:0,chain.c:hlist_add_head_rcu
FNDA:0,chain.c:hlist_add_before
FNDA:0,chain.c:hlist_add_after
FNDA:0,object.c:list_del
FNDA:0,object.c:__list_del
FNDA:0,object.c:list_empty
FNDA:0,object.c:list_add
FNDA:0,object.c:__list_add
FNDA:0,object.c:list_add_tail
FNDA:0,object.c:__list_add_rcu
FNDA:0,object.c:list_add_rcu
FNDA:0,object.c:list_add_tail_rcu
FNDA:0,object.c:list_del_rcu
FNDA:0,object.c:list_del_init
FNDA:0,object.c:list_move
FNDA:0,object.c:list_move_tail
FNDA:0,object.c:list_empty_careful
FNDA:0,object.c:__list_splice
FNDA:0,object.c:list_splice
FNDA:0,object.c:list_splice_init
FNDA:0,object.c:hlist_unhashed
FNDA:0,object.c:hlist_empty
FNDA:0,object.c:__hlist_del
FNDA:0,object.c:hlist_del
FNDA:0,object.c:hlist_del_rcu
FNDA:0,object.c:hlist_del_init
FNDA:0,object.c:hlist_add_head
FNDA:0,object.c:hlist_add_head_rcu
FNDA:0,object.c:hlist_add_before
FNDA:0,object.c:hlist_add_after
FNDA:0,rule.c:list_empty
FNDA:0,rule.c:list_add_tail
FNDA:0,rule.c:__list_add
FNDA:0,rule.c:list_del
FNDA:0,rule.c:__list_del
FNDA:0,rule.c:list_add
FNDA:0,rule.c:__list_add_rcu
FNDA:0,rule.c:list_add_rcu
FNDA:0,rule.c:list_add_tail_rcu
FNDA:0,rule.c:list_del_rcu
FNDA:0,rule.c:list_del_init
FNDA:0,rule.c:list_move
FNDA:0,rule.c:list_move_tail
FNDA:0,rule.c:list_empty_careful
FNDA:0,rule.c:__list_splice
FNDA:0,rule.c:list_splice
FNDA:0,rule.c:list_splice_init
FNDA:0,rule.c:hlist_unhashed
FNDA:0,rule.c:hlist_empty
FNDA:0,rule.c:__hlist_del
FNDA:0,rule.c:hlist_del
FNDA:0,rule.c:hlist_del_rcu
FNDA:0,rule.c:hlist_del_init
FNDA:0,rule.c:hlist_add_head
FNDA:0,rule.c:hlist_add_head_rcu
FNDA:0,rule.c:hlist_add_before
FNDA:0,rule.c:hlist_add_after
FNDA:0,set.c:list_del
FNDA:0,set.c:__list_del
FNDA:0,set.c:list_add
FNDA:0,set.c:__list_add
FNDA:0,set.c:list_add_tail
FNDA:0,set.c:list_empty
FNDA:0,set.c:hlist_del
FNDA:0,set.c:__hlist_del
FNDA:0,set.c:hlist_add_head
FNDA:0,set.c:__list_add_rcu
FNDA:0,set.c:list_add_rcu
FNDA:0,set.c:list_add_tail_rcu
FNDA:0,set.c:list_del_rcu
FNDA:0,set.c:list_del_init
FNDA:0,set.c:list_move
FNDA:0,set.c:list_move_tail
FNDA:0,set.c:list_empty_careful
FNDA:0,set.c:__list_splice
FNDA:0,set.c:list_splice
FNDA:0,set.c:list_splice_init
FNDA:0,set.c:hlist_unhashed
FNDA:0,set.c:hlist_empty
FNDA:0,set.c:hlist_del_rcu
FNDA:0,set.c:hlist_del_init
FNDA:0,set.c:hlist_add_head_rcu
FNDA:0,set.c:hlist_add_before
FNDA:0,set.c:hlist_add_after
FNDA:0,set_elem.c:list_add
FNDA:0,set_elem.c:__list_add
FNDA:0,set_elem.c:list_empty
FNDA:0,set_elem.c:list_add_tail
FNDA:0,set_elem.c:__list_add_rcu
FNDA:0,set_elem.c:list_add_rcu
FNDA:0,set_elem.c:list_add_tail_rcu
FNDA:0,set_elem.c:__list_del
FNDA:0,set_elem.c:list_del
FNDA:0,set_elem.c:list_del_rcu
FNDA:0,set_elem.c:list_del_init
FNDA:0,set_elem.c:list_move
FNDA:0,set_elem.c:list_move_tail
FNDA:0,set_elem.c:list_empty_careful
FNDA:0,set_elem.c:__list_splice
FNDA:0,set_elem.c:list_splice
FNDA:0,set_elem.c:list_splice_init
FNDA:0,set_elem.c:hlist_unhashed
FNDA:0,set_elem.c:hlist_empty
FNDA:0,set_elem.c:__hlist_del
FNDA:0,set_elem.c:hlist_del
FNDA:0,set_elem.c:hlist_del_rcu
FNDA:0,set_elem.c:hlist_del_init
FNDA:0,set_elem.c:hlist_add_head
FNDA:0,set_elem.c:hlist_add_head_rcu
FNDA:0,set_elem.c:hlist_add_before
FNDA:0,set_elem.c:hlist_add_after
FNDA:0,ruleset.c:__list_add
FNDA:0,ruleset.c:list_add
FNDA:0,ruleset.c:list_add_tail
FNDA:0,ruleset.c:__list_add_rcu
FNDA:0,ruleset.c:list_add_rcu
FNDA:0,ruleset.c:list_add_tail_rcu
FNDA:0,ruleset.c:__list_del
FNDA:0,ruleset.c:list_del
FNDA:0,ruleset.c:list_del_rcu
FNDA:0,ruleset.c:list_del_init
FNDA:0,ruleset.c:list_move
FNDA:0,ruleset.c:list_move_tail
FNDA:0,ruleset.c:list_empty
FNDA:0,ruleset.c:list_empty_careful
FNDA:0,ruleset.c:__list_splice
FNDA:0,ruleset.c:list_splice
FNDA:0,ruleset.c:list_splice_init
FNDA:0,ruleset.c:hlist_unhashed
FNDA:0,ruleset.c:hlist_empty
FNDA:0,ruleset.c:__hlist_del
FNDA:0,ruleset.c:hlist_del
FNDA:0,ruleset.c:hlist_del_rcu
FNDA:0,ruleset.c:hlist_del_init
FNDA:0,ruleset.c:hlist_add_head
FNDA:0,ruleset.c:hlist_add_head_rcu
FNDA:0,ruleset.c:hlist_add_before
FNDA:0,ruleset.c:hlist_add_after
FNDA:0,expr.c:__list_add
FNDA:0,expr.c:list_add
FNDA:0,expr.c:list_add_tail
FNDA:0,expr.c:__list_add_rcu
FNDA:0,expr.c:list_add_rcu
FNDA:0,expr.c:list_add_tail_rcu
FNDA:0,expr.c:__list_del
FNDA:0,expr.c:list_del
FNDA:0,expr.c:list_del_rcu
FNDA:0,expr.c:list_del_init
FNDA:0,expr.c:list_move
FNDA:0,expr.c:list_move_tail
FNDA:0,expr.c:list_empty
FNDA:0,expr.c:list_empty_careful
FNDA:0,expr.c:__list_splice
FNDA:0,expr.c:list_splice
FNDA:0,expr.c:list_splice_init
FNDA:0,expr.c:hlist_unhashed
FNDA:0,expr.c:hlist_empty
FNDA:0,expr.c:__hlist_del
FNDA:0,expr.c:hlist_del
FNDA:0,expr.c:hlist_del_rcu
FNDA:0,expr.c:hlist_del_init
FNDA:0,expr.c:hlist_add_head
FNDA:0,expr.c:hlist_add_head_rcu
FNDA:0,expr.c:hlist_add_before
FNDA:0,expr.c:hlist_add_after
FNDA:0,expr_ops.c:__list_add
FNDA:0,expr_ops.c:list_add
FNDA:0,expr_ops.c:list_add_tail
FNDA:0,expr_ops.c:__list_add_rcu
FNDA:0,expr_ops.c:list_add_rcu
FNDA:0,expr_ops.c:list_add_tail_rcu
FNDA:0,expr_ops.c:__list_del
FNDA:0,expr_ops.c:list_del
FNDA:0,expr_ops.c:list_del_rcu
FNDA:0,expr_ops.c:list_del_init
FNDA:0,expr_ops.c:list_move
FNDA:0,expr_ops.c:list_move_tail
FNDA:0,expr_ops.c:list_empty
FNDA:0,expr_ops.c:list_empty_careful
FNDA:0,expr_ops.c:__list_splice
FNDA:0,expr_ops.c:list_splice
FNDA:0,expr_ops.c:list_splice_init
FNDA:0,expr_ops.c:hlist_unhashed
FNDA:0,expr_ops.c:hlist_empty
FNDA:0,expr_ops.c:__hlist_del
FNDA:0,expr_ops.c:hlist_del
FNDA:0,expr_ops.c:hlist_del_rcu
FNDA:0,expr_ops.c:hlist_del_init
FNDA:0,expr_ops.c:hlist_add_head
FNDA:0,expr_ops.c:hlist_add_head_rcu
FNDA:0,expr_ops.c:hlist_add_before
FNDA:0,expr_ops.c:hlist_add_after
FNDA:0,bitwise.c:__list_add
FNDA:0,bitwise.c:list_add
FNDA:0,bitwise.c:list_add_tail
FNDA:0,bitwise.c:__list_add_rcu
FNDA:0,bitwise.c:list_add_rcu
FNDA:0,bitwise.c:list_add_tail_rcu
FNDA:0,bitwise.c:__list_del
FNDA:0,bitwise.c:list_del
FNDA:0,bitwise.c:list_del_rcu
FNDA:0,bitwise.c:list_del_init
FNDA:0,bitwise.c:list_move
FNDA:0,bitwise.c:list_move_tail
FNDA:0,bitwise.c:list_empty
FNDA:0,bitwise.c:list_empty_careful
FNDA:0,bitwise.c:__list_splice
FNDA:0,bitwise.c:list_splice
FNDA:0,bitwise.c:list_splice_init
FNDA:0,bitwise.c:hlist_unhashed
FNDA:0,bitwise.c:hlist_empty
FNDA:0,bitwise.c:__hlist_del
FNDA:0,bitwise.c:hlist_del
FNDA:0,bitwise.c:hlist_del_rcu
FNDA:0,bitwise.c:hlist_del_init
FNDA:0,bitwise.c:hlist_add_head
FNDA:0,bitwise.c:hlist_add_head_rcu
FNDA:0,bitwise.c:hlist_add_before
FNDA:0,bitwise.c:hlist_add_after
FNDA:0,byteorder.c:__list_add
FNDA:0,byteorder.c:list_add
FNDA:0,byteorder.c:list_add_tail
FNDA:0,byteorder.c:__list_add_rcu
FNDA:0,byteorder.c:list_add_rcu
FNDA:0,byteorder.c:list_add_tail_rcu
FNDA:0,byteorder.c:__list_del
FNDA:0,byteorder.c:list_del
FNDA:0,byteorder.c:list_del_rcu
FNDA:0,byteorder.c:list_del_init
FNDA:0,byteorder.c:list_move
FNDA:0,byteorder.c:list_move_tail
FNDA:0,byteorder.c:list_empty
FNDA:0,byteorder.c:list_empty_careful
FNDA:0,byteorder.c:__list_splice
FNDA:0,byteorder.c:list_splice
FNDA:0,byteorder.c:list_splice_init
FNDA:0,byteorder.c:hlist_unhashed
FNDA:0,byteorder.c:hlist_empty
FNDA:0,byteorder.c:__hlist_del
FNDA:0,byteorder.c:hlist_del
FNDA:0,byteorder.c:hlist_del_rcu
FNDA:0,byteorder.c:hlist_del_init
FNDA:0,byteorder.c:hlist_add_head
FNDA:0,byteorder.c:hlist_add_head_rcu
FNDA:0,byteorder.c:hlist_add_before
FNDA:0,byteorder.c:hlist_add_after
FNDA:0,cmp.c:__list_add
FNDA:0,cmp.c:list_add
FNDA:0,cmp.c:list_add_tail
FNDA:0,cmp.c:__list_add_rcu
FNDA:0,cmp.c:list_add_rcu
FNDA:0,cmp.c:list_add_tail_rcu
FNDA:0,cmp.c:__list_del
FNDA:0,cmp.c:list_del
FNDA:0,cmp.c:list_del_rcu
FNDA:0,cmp.c:list_del_init
FNDA:0,cmp.c:list_move
FNDA:0,cmp.c:list_move_tail
FNDA:0,cmp.c:list_empty
FNDA:0,cmp.c:list_empty_careful
FNDA:0,cmp.c:__list_splice
FNDA:0,cmp.c:list_splice
FNDA:0,cmp.c:list_splice_init
FNDA:0,cmp.c:hlist_unhashed
FNDA:0,cmp.c:hlist_empty
FNDA:0,cmp.c:__hlist_del
FNDA:0,cmp.c:hlist_del
FNDA:0,cmp.c:hlist_del_rcu
FNDA:0,cmp.c:hlist_del_init
FNDA:0,cmp.c:hlist_add_head
FNDA:0,cmp.c:hlist_add_head_rcu
FNDA:0,cmp.c:hlist_add_before
FNDA:0,cmp.c:hlist_add_after
FNDA:0,range.c:__list_add
FNDA:0,range.c:list_add
FNDA:0,range.c:list_add_tail
FNDA:0,range.c:__list_add_rcu
FNDA:0,range.c:list_add_rcu
FNDA:0,range.c:list_add_tail_rcu
FNDA:0,range.c:__list_del
FNDA:0,range.c:list_del
FNDA:0,range.c:list_del_rcu
FNDA:0,range.c:list_del_init
FNDA:0,range.c:list_move
FNDA:0,range.c:list_move_tail
FNDA:0,range.c:list_empty
FNDA:0,range.c:list_empty_careful
FNDA:0,range.c:__list_splice
FNDA:0,range.c:list_splice
FNDA:0,range.c:list_splice_init
FNDA:0,range.c:hlist_unhashed
FNDA:0,range.c:hlist_empty
FNDA:0,range.c:__hlist_del
FNDA:0,range.c:hlist_del
FNDA:0,range.c:hlist_del_rcu
FNDA:0,range.c:hlist_del_init
FNDA:0,range.c:hlist_add_head
FNDA:0,range.c:hlist_add_head_rcu
FNDA:0,range.c:hlist_add_before
FNDA:0,range.c:hlist_add_after
FNDA:0,connlimit.c:__list_add
FNDA:0,connlimit.c:list_add
FNDA:0,connlimit.c:list_add_tail
FNDA:0,connlimit.c:__list_add_rcu
FNDA:0,connlimit.c:list_add_rcu
FNDA:0,connlimit.c:list_add_tail_rcu
FNDA:0,connlimit.c:__list_del
FNDA:0,connlimit.c:list_del
FNDA:0,connlimit.c:list_del_rcu
FNDA:0,connlimit.c:list_del_init
FNDA:0,connlimit.c:list_move
FNDA:0,connlimit.c:list_move_tail
FNDA:0,connlimit.c:list_empty
FNDA:0,connlimit.c:list_empty_careful
FNDA:0,connlimit.c:__list_splice
FNDA:0,connlimit.c:list_splice
FNDA:0,connlimit.c:list_splice_init
FNDA:0,connlimit.c:hlist_unhashed
FNDA:0,connlimit.c:hlist_empty
FNDA:0,connlimit.c:__hlist_del
FNDA:0,connlimit.c:hlist_del
FNDA:0,connlimit.c:hlist_del_rcu
FNDA:0,connlimit.c:hlist_del_init
FNDA:0,connlimit.c:hlist_add_head
FNDA:0,connlimit.c:hlist_add_head_rcu
FNDA:0,connlimit.c:hlist_add_before
FNDA:0,connlimit.c:hlist_add_after
FNDA:0,counter.c:__list_add
FNDA:0,counter.c:list_add
FNDA:0,counter.c:list_add_tail
FNDA:0,counter.c:__list_add_rcu
FNDA:0,counter.c:list_add_rcu
FNDA:0,counter.c:list_add_tail_rcu
FNDA:0,counter.c:__list_del
FNDA:0,counter.c:list_del
FNDA:0,counter.c:list_del_rcu
FNDA:0,counter.c:list_del_init
FNDA:0,counter.c:list_move
FNDA:0,counter.c:list_move_tail
FNDA:0,counter.c:list_empty
FNDA:0,counter.c:list_empty_careful
FNDA:0,counter.c:__list_splice
FNDA:0,counter.c:list_splice
FNDA:0,counter.c:list_splice_init
FNDA:0,counter.c:hlist_unhashed
FNDA:0,counter.c:hlist_empty
FNDA:0,counter.c:__hlist_del
FNDA:0,counter.c:hlist_del
FNDA:0,counter.c:hlist_del_rcu
FNDA:0,counter.c:hlist_del_init
FNDA:0,counter.c:hlist_add_head
FNDA:0,counter.c:hlist_add_head_rcu
FNDA:0,counter.c:hlist_add_before
FNDA:0,counter.c:hlist_add_after
FNDA:0,ct.c:__list_add
FNDA:0,ct.c:list_add
FNDA:0,ct.c:list_add_tail
FNDA:0,ct.c:__list_add_rcu
FNDA:0,ct.c:list_add_rcu
FNDA:0,ct.c:list_add_tail_rcu
FNDA:0,ct.c:__list_del
FNDA:0,ct.c:list_del
FNDA:0,ct.c:list_del_rcu
FNDA:0,ct.c:list_del_init
FNDA:0,ct.c:list_move
FNDA:0,ct.c:list_move_tail
FNDA:0,ct.c:list_empty
FNDA:0,ct.c:list_empty_careful
FNDA:0,ct.c:__list_splice
FNDA:0,ct.c:list_splice
FNDA:0,ct.c:list_splice_init
FNDA:0,ct.c:hlist_unhashed
FNDA:0,ct.c:hlist_empty
FNDA:0,ct.c:__hlist_del
FNDA:0,ct.c:hlist_del
FNDA:0,ct.c:hlist_del_rcu
FNDA:0,ct.c:hlist_del_init
FNDA:0,ct.c:hlist_add_head
FNDA:0,ct.c:hlist_add_head_rcu
FNDA:0,ct.c:hlist_add_before
FNDA:0,ct.c:hlist_add_after
FNDA:0,data_reg.c:__list_add
FNDA:0,data_reg.c:list_add
FNDA:0,data_reg.c:list_add_tail
FNDA:0,data_reg.c:__list_add_rcu
FNDA:0,data_reg.c:list_add_rcu
FNDA:0,data_reg.c:list_add_tail_rcu
FNDA:0,data_reg.c:__list_del
FNDA:0,data_reg.c:list_del
FNDA:0,data_reg.c:list_del_rcu
FNDA:0,data_reg.c:list_del_init
FNDA:0,data_reg.c:list_move
FNDA:0,data_reg.c:list_move_tail
FNDA:0,data_reg.c:list_empty
FNDA:0,data_reg.c:list_empty_careful
FNDA:0,data_reg.c:__list_splice
FNDA:0,data_reg.c:list_splice
FNDA:0,data_reg.c:list_splice_init
FNDA:0,data_reg.c:hlist_unhashed
FNDA:0,data_reg.c:hlist_empty
FNDA:0,data_reg.c:__hlist_del
FNDA:0,data_reg.c:hlist_del
FNDA:0,data_reg.c:hlist_del_rcu
FNDA:0,data_reg.c:hlist_del_init
FNDA:0,data_reg.c:hlist_add_head
FNDA:0,data_reg.c:hlist_add_head_rcu
FNDA:0,data_reg.c:hlist_add_before
FNDA:0,data_reg.c:hlist_add_after
FNDA:0,dup.c:__list_add
FNDA:0,dup.c:list_add
FNDA:0,dup.c:list_add_tail
FNDA:0,dup.c:__list_add_rcu
FNDA:0,dup.c:list_add_rcu
FNDA:0,dup.c:list_add_tail_rcu
FNDA:0,dup.c:__list_del
FNDA:0,dup.c:list_del
FNDA:0,dup.c:list_del_rcu
FNDA:0,dup.c:list_del_init
FNDA:0,dup.c:list_move
FNDA:0,dup.c:list_move_tail
FNDA:0,dup.c:list_empty
FNDA:0,dup.c:list_empty_careful
FNDA:0,dup.c:__list_splice
FNDA:0,dup.c:list_splice
FNDA:0,dup.c:list_splice_init
FNDA:0,dup.c:hlist_unhashed
FNDA:0,dup.c:hlist_empty
FNDA:0,dup.c:__hlist_del
FNDA:0,dup.c:hlist_del
FNDA:0,dup.c:hlist_del_rcu
FNDA:0,dup.c:hlist_del_init
FNDA:0,dup.c:hlist_add_head
FNDA:0,dup.c:hlist_add_head_rcu
FNDA:0,dup.c:hlist_add_before
FNDA:0,dup.c:hlist_add_after
FNDA:0,exthdr.c:__list_add
FNDA:0,exthdr.c:list_add
FNDA:0,exthdr.c:list_add_tail
[...]
BRDA:645,0,1,-
BRDA:649,0,0,-
BRDA:649,0,1,-
BRDA:650,0,0,-
BRDA:650,0,1,-
BRDA:654,0,0,-
BRDA:654,0,1,-
BRDA:658,0,0,-
BRDA:658,0,1,-
BRDA:659,0,0,-
BRDA:659,0,1,-
BRDA:663,0,0,-
BRDA:663,0,1,-
BRDA:667,0,0,-
BRDA:667,0,1,-
BRDA:671,0,0,-
BRDA:671,0,1,-
BRDA:673,0,0,-
BRDA:673,0,1,-
BRDA:705,0,0,-
BRDA:705,0,1,-
BRDA:709,0,0,-
BRDA:709,0,1,-
BRDA:711,0,0,-
BRDA:711,0,1,-
BRDA:713,0,0,-
BRDA:713,0,1,-
BRDA:717,0,0,-
BRDA:717,0,1,-
BRDA:721,0,0,-
BRDA:721,0,1,-
BRDA:723,0,0,-
BRDA:723,0,1,-
BRDA:728,0,0,-
BRDA:728,0,1,-
BRDA:731,0,0,-
BRDA:731,0,1,-
BRDA:733,0,0,-
BRDA:733,0,1,-
BRDA:735,0,0,-
BRDA:735,0,1,-
BRDA:737,0,0,-
BRDA:737,0,1,-
BRDA:741,0,0,-
BRDA:741,0,1,-
BRDA:743,0,0,-
BRDA:743,0,1,-
BRDA:747,0,0,-
BRDA:747,0,1,-
BRDA:760,0,0,-
BRDA:760,0,1,-
BRDA:764,0,0,-
BRDA:764,0,1,-
BRDA:774,0,0,-
BRDA:774,0,1,-
BRDA:804,0,0,-
BRDA:804,0,1,-
BRDA:806,0,0,-
BRDA:806,0,1,-
BRDA:825,0,0,-
BRDA:825,0,1,-
BRDA:830,0,0,-
BRDA:830,0,1,-
BRDA:851,0,0,-
BRDA:851,0,1,-
BRDA:855,0,0,-
BRDA:855,0,1,-
BRDA:877,0,0,-
BRDA:877,0,1,-
BRDA:895,0,0,-
BRDA:895,0,1,-
BRDA:900,0,0,-
BRDA:900,0,1,-
BRDA:902,0,0,-
BRDA:902,0,1,-
BRF:375
BRH:0
LF:642
LH:0
end_of_record
SF:/build/libnftnl-1.3.0/src/str_array.c
FN:13,nftnl_str_array_clear
FN:20,nftnl_str_array_set
FN:43,nftnl_parse_devs
FNDA:0,nftnl_str_array_clear
FNDA:0,nftnl_str_array_set
FNDA:0,nftnl_parse_devs
FNF:3
FNH:0
DA:13,0
DA:14,0
DA:15,0
DA:16,0
DA:17,0
DA:20,0
DA:21,0
DA:23,0
DA:24,0
DA:26,0
DA:27,0
DA:28,0
DA:29,0
DA:31,0
DA:32,0
DA:33,0
DA:34,0
DA:35,0
DA:36,0
DA:37,0
DA:38,0
DA:39,0
DA:40,0
DA:43,0
DA:44,0
DA:45,0
DA:47,0
DA:48,0
DA:49,0
DA:50,0
DA:51,0
DA:53,0
DA:54,0
DA:55,0
DA:56,0
DA:58,0
DA:59,0
DA:60,0
DA:61,0
DA:62,0
DA:63,0
DA:64,0
DA:65,0
DA:66,0
DA:67,0
BRDA:14,0,0,-
BRDA:14,0,1,-
BRDA:23,0,0,-
BRDA:23,0,1,-
BRDA:28,0,0,-
BRDA:28,0,1,-
BRDA:31,0,0,-
BRDA:31,0,1,-
BRDA:33,0,0,-
BRDA:33,0,1,-
BRDA:47,0,0,-
BRDA:47,0,1,-
BRDA:48,0,0,-
BRDA:48,0,1,-
BRDA:55,0,0,-
BRDA:55,0,1,-
BRDA:58,0,0,-
BRDA:58,0,1,-
BRDA:60,0,0,-
BRDA:60,0,1,-
BRF:20
BRH:0
LF:45
LH:0
end_of_record
SF:/build/libnftnl-1.3.0/src/table.c
FN:42,nftnl_table_alloc
FN:48,nftnl_table_free
FN:59,nftnl_table_is_set
FN:65,nftnl_table_unset
FN:97,nftnl_table_set_data
FN:137,nftnl_table_set
FN:143,nftnl_table_set_u32
FN:149,nftnl_table_set_u64
FN:155,nftnl_table_set_u8
FN:161,nftnl_table_set_str
FN:168,nftnl_table_get_data
FN:200,nftnl_table_get
FN:207,nftnl_table_get_u32
FN:214,nftnl_table_get_u64
FN:221,nftnl_table_get_u8
FN:228,nftnl_table_get_str
FN:234,nftnl_table_nlmsg_build_payload
FN:280,nftnl_table_nlmsg_parse
FN:329,nftnl_table_parse
FN:338,nftnl_table_parse_file
FN:369,nftnl_table_snprintf
FN:386,nftnl_table_fprintf
FN:397,nftnl_table_list_alloc
FN:411,nftnl_table_list_free
FN:423,nftnl_table_list_is_empty
FN:429,nftnl_table_list_add
FN:435,nftnl_table_list_add_tail
FN:441,nftnl_table_list_del
FN:449,nftnl_table_list_foreach
FN:469,nftnl_table_list_iter_create
FN:487,nftnl_table_list_iter_next
FN:503,nftnl_table_list_iter_destroy
FN:246,table.c:nftnl_table_parse_attr_cb
FN:355,table.c:nftnl_table_cmd_snprintf
FN:346,table.c:nftnl_table_snprintf_default
FN:379,table.c:nftnl_table_do_snprintf
FNDA:0,nftnl_table_alloc
FNDA:0,nftnl_table_free
FNDA:0,nftnl_table_is_set
FNDA:0,nftnl_table_unset
FNDA:0,nftnl_table_set_data
FNDA:0,nftnl_table_set
FNDA:0,nftnl_table_set_u32
FNDA:0,nftnl_table_set_u64
FNDA:0,nftnl_table_set_u8
FNDA:0,nftnl_table_set_str
FNDA:0,nftnl_table_get_data
FNDA:0,nftnl_table_get
FNDA:0,nftnl_table_get_u32
FNDA:0,nftnl_table_get_u64
FNDA:0,nftnl_table_get_u8
FNDA:0,nftnl_table_get_str
FNDA:0,nftnl_table_nlmsg_build_payload
FNDA:0,nftnl_table_nlmsg_parse
FNDA:0,nftnl_table_parse
FNDA:0,nftnl_table_parse_file
FNDA:0,nftnl_table_snprintf
FNDA:0,nftnl_table_fprintf
FNDA:0,nftnl_table_list_alloc
FNDA:0,nftnl_table_list_free
FNDA:0,nftnl_table_list_is_empty
FNDA:0,nftnl_table_list_add
FNDA:0,nftnl_table_list_add_tail
FNDA:0,nftnl_table_list_del
FNDA:0,nftnl_table_list_foreach
FNDA:0,nftnl_table_list_iter_create
FNDA:0,nftnl_table_list_iter_next
FNDA:0,nftnl_table_list_iter_destroy
FNDA:0,table.c:nftnl_table_parse_attr_cb
FNDA:0,table.c:nftnl_table_cmd_snprintf
FNDA:0,table.c:nftnl_table_snprintf_default
FNDA:0,table.c:nftnl_table_do_snprintf
FNF:36
FNH:0
DA:42,0
DA:43,0
DA:44,0
DA:48,0
DA:49,0
DA:50,0
DA:51,0
DA:52,0
DA:54,0
DA:55,0
DA:59,0
DA:60,0
DA:61,0
DA:65,0
DA:66,0
DA:67,0
DA:69,0
DA:70,0
DA:71,0
DA:72,0
DA:73,0
DA:74,0
DA:75,0
DA:76,0
DA:77,0
DA:78,0
DA:79,0
DA:80,0
DA:81,0
DA:82,0
DA:83,0
DA:84,0
DA:97,0
DA:98,0
DA:99,0
DA:101,0
DA:102,0
DA:103,0
DA:104,0
DA:105,0
DA:106,0
DA:107,0
DA:108,0
DA:109,0
DA:110,0
DA:111,0
DA:112,0
DA:113,0
DA:114,0
DA:115,0
DA:116,0
DA:117,0
DA:118,0
DA:119,0
DA:121,0
DA:122,0
DA:123,0
DA:124,0
DA:125,0
DA:126,0
DA:127,0
DA:128,0
DA:129,0
DA:130,0
DA:131,0
DA:132,0
DA:133,0
DA:137,0
DA:138,0
DA:139,0
DA:143,0
DA:144,0
DA:145,0
DA:149,0
DA:150,0
DA:151,0
DA:155,0
DA:156,0
DA:157,0
DA:161,0
DA:162,0
DA:163,0
DA:168,0
DA:169,0
DA:170,0
DA:172,0
DA:173,0
DA:174,0
DA:175,0
DA:176,0
DA:177,0
DA:178,0
DA:179,0
DA:180,0
DA:181,0
DA:182,0
DA:183,0
DA:184,0
DA:185,0
DA:186,0
DA:187,0
DA:188,0
DA:189,0
DA:190,0
DA:191,0
DA:192,0
DA:193,0
DA:194,0
DA:195,0
DA:196,0
DA:200,0
DA:201,0
DA:202,0
DA:203,0
DA:207,0
DA:208,0
DA:209,0
DA:210,0
DA:214,0
DA:215,0
DA:216,0
DA:217,0
DA:221,0
DA:222,0
DA:223,0
DA:224,0
DA:228,0
DA:229,0
DA:230,0
DA:234,0
DA:235,0
DA:236,0
DA:237,0
DA:238,0
DA:239,0
DA:240,0
DA:241,0
DA:242,0
DA:243,0
DA:246,0
DA:247,0
DA:248,0
DA:250,0
DA:251,0
DA:253,0
DA:254,0
DA:255,0
DA:256,0
DA:257,0
DA:258,0
DA:259,0
DA:260,0
DA:261,0
DA:262,0
DA:263,0
DA:264,0
DA:265,0
DA:266,0
DA:267,0
DA:268,0
DA:269,0
DA:270,0
DA:271,0
DA:272,0
DA:274,0
DA:275,0
DA:276,0
DA:280,0
DA:281,0
DA:282,0
DA:283,0
DA:285,0
DA:286,0
DA:288,0
DA:289,0
DA:290,0
DA:291,0
DA:292,0
DA:293,0
DA:294,0
DA:295,0
DA:296,0
DA:297,0
DA:298,0
DA:299,0
DA:300,0
DA:301,0
DA:302,0
DA:303,0
DA:304,0
DA:305,0
DA:306,0
DA:307,0
DA:308,0
DA:309,0
DA:310,0
DA:311,0
DA:312,0
DA:313,0
DA:314,0
DA:315,0
DA:316,0
DA:317,0
DA:318,0
DA:320,0
DA:321,0
DA:323,0
DA:324,0
DA:329,0
DA:330,0
DA:332,0
DA:333,0
DA:338,0
DA:339,0
DA:341,0
DA:342,0
DA:346,0
DA:347,0
DA:348,0
DA:349,0
DA:350,0
DA:355,0
DA:356,0
DA:358,0
DA:359,0
DA:361,0
DA:362,0
DA:363,0
DA:364,0
DA:369,0
DA:370,0
DA:371,0
DA:373,0
DA:374,0
DA:375,0
DA:379,0
DA:380,0
DA:381,0
DA:386,0
DA:387,0
DA:388,0
DA:389,0
DA:397,0
DA:398,0
DA:400,0
DA:401,0
DA:402,0
DA:404,0
DA:406,0
DA:407,0
DA:411,0
DA:412,0
DA:414,0
DA:415,0
DA:416,0
DA:417,0
DA:418,0
DA:419,0
DA:423,0
DA:424,0
DA:425,0
DA:429,0
DA:430,0
DA:431,0
DA:435,0
DA:436,0
DA:437,0
DA:441,0
DA:442,0
DA:443,0
DA:449,0
DA:450,0
DA:451,0
DA:453,0
DA:454,0
DA:455,0
DA:456,0
DA:457,0
DA:458,0
DA:459,0
DA:469,0
DA:470,0
DA:472,0
DA:473,0
DA:474,0
DA:476,0
DA:477,0
DA:478,0
DA:479,0
DA:480,0
DA:482,0
DA:483,0
DA:487,0
DA:488,0
DA:490,0
DA:491,0
DA:494,0
DA:495,0
DA:496,0
DA:498,0
DA:499,0
DA:503,0
DA:504,0
DA:505,0
BRDA:49,0,0,-
BRDA:49,0,1,-
BRDA:51,0,0,-
BRDA:51,0,1,-
BRDA:66,0,0,-
BRDA:66,0,1,-
BRDA:69,0,0,-
BRDA:69,0,1,-
BRDA:70,0,0,-
BRDA:70,0,1,-
BRDA:73,0,0,-
BRDA:73,0,1,-
BRDA:76,0,0,-
BRDA:76,0,1,-
BRDA:77,0,0,-
BRDA:77,0,1,-
BRDA:78,0,0,-
BRDA:78,0,1,-
BRDA:79,0,0,-
BRDA:79,0,1,-
BRDA:80,0,0,-
BRDA:80,0,1,-
BRDA:98,0,0,-
BRDA:98,0,1,-
BRDA:99,0,0,-
BRDA:99,0,1,-
BRDA:99,1,2,-
BRDA:99,1,3,-
BRDA:101,0,0,-
BRDA:101,0,1,-
BRDA:102,0,0,-
BRDA:102,0,1,-
BRDA:105,0,0,-
BRDA:105,0,1,-
BRDA:108,0,0,-
BRDA:108,0,1,-
BRDA:111,0,0,-
BRDA:111,0,1,-
BRDA:114,0,0,-
BRDA:114,0,1,-
BRDA:117,0,0,-
BRDA:117,0,1,-
BRDA:118,0,0,-
BRDA:118,0,1,-
BRDA:122,0,0,-
BRDA:122,0,1,-
BRDA:127,0,0,-
BRDA:127,0,1,-
BRDA:169,0,0,-
BRDA:169,0,1,-
BRDA:172,0,0,-
BRDA:172,0,1,-
BRDA:173,0,0,-
BRDA:173,0,1,-
BRDA:176,0,0,-
BRDA:176,0,1,-
BRDA:179,0,0,-
BRDA:179,0,1,-
BRDA:182,0,0,-
BRDA:182,0,1,-
BRDA:185,0,0,-
BRDA:185,0,1,-
BRDA:188,0,0,-
BRDA:188,0,1,-
BRDA:191,0,0,-
BRDA:191,0,1,-
BRDA:209,0,0,-
BRDA:209,0,1,-
BRDA:216,0,0,-
BRDA:216,0,1,-
BRDA:223,0,0,-
BRDA:223,0,1,-
BRDA:235,0,0,-
BRDA:235,0,1,-
BRDA:237,0,0,-
BRDA:237,0,1,-
BRDA:239,0,0,-
BRDA:239,0,1,-
BRDA:241,0,0,-
BRDA:241,0,1,-
BRDA:250,0,0,-
BRDA:250,0,1,-
BRDA:253,0,0,-
BRDA:253,0,1,-
BRDA:254,0,0,-
BRDA:254,0,1,-
BRDA:255,0,0,-
BRDA:255,0,1,-
BRDA:258,0,0,-
BRDA:258,0,1,-
BRDA:259,0,0,-
BRDA:259,0,1,-
BRDA:262,0,0,-
BRDA:262,0,1,-
BRDA:263,0,0,-
BRDA:263,0,1,-
BRDA:264,0,0,-
BRDA:264,0,1,-
BRDA:265,0,0,-
BRDA:265,0,1,-
BRDA:268,0,0,-
BRDA:268,0,1,-
BRDA:269,0,0,-
BRDA:269,0,1,-
BRDA:285,0,0,-
BRDA:285,0,1,-
BRDA:288,0,0,-
BRDA:288,0,1,-
BRDA:289,0,0,-
BRDA:289,0,1,-
BRDA:292,0,0,-
BRDA:292,0,1,-
BRDA:296,0,0,-
BRDA:296,0,1,-
BRDA:300,0,0,-
BRDA:300,0,1,-
BRDA:304,0,0,-
BRDA:304,0,1,-
BRDA:308,0,0,-
BRDA:308,0,1,-
BRDA:312,0,0,-
BRDA:312,0,1,-
BRDA:315,0,0,-
BRDA:315,0,1,-
BRDA:358,0,0,-
BRDA:358,0,1,-
BRDA:362,0,0,-
BRDA:362,0,1,-
BRDA:370,0,0,-
BRDA:370,0,1,-
BRDA:401,0,0,-
BRDA:401,0,1,-
BRDA:404,0,0,-
BRDA:404,0,1,-
BRDA:414,0,0,-
BRDA:414,0,1,-
BRDA:453,0,0,-
BRDA:453,0,1,-
BRDA:455,0,0,-
BRDA:455,0,1,-
BRDA:473,0,0,-
BRDA:473,0,1,-
BRDA:477,0,0,-
BRDA:477,0,1,-
BRDA:490,0,0,-
BRDA:490,0,1,-
BRDA:495,0,0,-
BRDA:495,0,1,-
BRF:153
BRH:0
LF:303
LH:0
end_of_record
SF:/build/libnftnl-1.3.0/src/trace.c
FN:59,nftnl_trace_alloc
FN:65,nftnl_trace_free
FN:77,nftnl_trace_is_set
FN:145,nftnl_trace_get_data
FN:227,nftnl_trace_get_str
FN:242,nftnl_trace_get_u16
FN:255,nftnl_trace_get_u32
FN:268,nftnl_trace_get_u64
FN:351,nftnl_trace_nlmsg_parse
FN:82,trace.c:nftnl_trace_parse_attr_cb
FN:322,trace.c:nftnl_trace_parse_verdict
FN:300,trace.c:nftnl_trace_parse_verdict_cb
FN:281,trace.c:nftnl_trace_nlmsg_parse_hdrdata
FNDA:0,nftnl_trace_alloc
FNDA:0,nftnl_trace_free
FNDA:0,nftnl_trace_is_set
FNDA:0,nftnl_trace_get_data
FNDA:0,nftnl_trace_get_str
FNDA:0,nftnl_trace_get_u16
FNDA:0,nftnl_trace_get_u32
FNDA:0,nftnl_trace_get_u64
FNDA:0,nftnl_trace_nlmsg_parse
FNDA:0,trace.c:nftnl_trace_parse_attr_cb
FNDA:0,trace.c:nftnl_trace_parse_verdict
FNDA:0,trace.c:nftnl_trace_parse_verdict_cb
FNDA:0,trace.c:nftnl_trace_nlmsg_parse_hdrdata
FNF:13
FNH:0
DA:59,0
DA:60,0
DA:61,0
DA:65,0
DA:66,0
DA:67,0
DA:68,0
DA:69,0
DA:70,0
DA:71,0
DA:72,0
DA:73,0
DA:77,0
DA:78,0
DA:79,0
DA:82,0
DA:83,0
DA:84,0
DA:86,0
DA:87,0
DA:89,0
DA:90,0
DA:91,0
DA:92,0
DA:93,0
DA:94,0
DA:95,0
DA:96,0
DA:97,0
DA:98,0
DA:99,0
DA:100,0
DA:101,0
DA:102,0
DA:103,0
DA:104,0
DA:105,0
DA:106,0
DA:107,0
DA:108,0
DA:109,0
DA:110,0
DA:111,0
DA:112,0
DA:113,0
DA:114,0
DA:115,0
DA:116,0
DA:117,0
DA:118,0
DA:119,0
DA:120,0
DA:121,0
DA:122,0
DA:123,0
DA:124,0
DA:125,0
DA:126,0
DA:127,0
DA:128,0
DA:129,0
DA:130,0
DA:131,0
DA:132,0
DA:133,0
DA:134,0
DA:135,0
DA:136,0
DA:138,0
DA:139,0
DA:140,0
DA:145,0
DA:146,0
DA:148,0
DA:149,0
DA:151,0
DA:152,0
DA:153,0
DA:154,0
DA:155,0
DA:156,0
DA:157,0
DA:158,0
DA:159,0
DA:160,0
DA:161,0
DA:162,0
DA:163,0
DA:164,0
DA:165,0
DA:166,0
DA:167,0
DA:168,0
DA:169,0
DA:170,0
DA:171,0
DA:172,0
DA:173,0
DA:174,0
DA:175,0
DA:176,0
DA:177,0
DA:178,0
DA:179,0
DA:180,0
DA:181,0
DA:182,0
DA:183,0
DA:184,0
DA:185,0
DA:186,0
DA:187,0
DA:188,0
DA:189,0
DA:190,0
DA:191,0
DA:192,0
DA:193,0
DA:194,0
DA:195,0
DA:196,0
DA:197,0
DA:198,0
DA:199,0
DA:200,0
DA:201,0
DA:202,0
DA:203,0
DA:204,0
DA:205,0
DA:206,0
DA:207,0
DA:208,0
DA:209,0
DA:210,0
DA:211,0
DA:212,0
DA:213,0
DA:214,0
DA:215,0
DA:216,0
DA:217,0
DA:218,0
DA:219,0
DA:220,0
DA:222,0
DA:223,0
DA:227,0
DA:228,0
DA:229,0
DA:231,0
DA:232,0
DA:233,0
DA:234,0
DA:235,0
DA:236,0
DA:237,0
DA:238,0
DA:242,0
DA:243,0
DA:244,0
DA:246,0
DA:247,0
DA:248,0
DA:250,0
DA:251,0
DA:255,0
DA:256,0
DA:257,0
DA:259,0
DA:260,0
DA:261,0
DA:263,0
DA:264,0
DA:268,0
DA:269,0
DA:270,0
DA:272,0
DA:273,0
DA:274,0
DA:276,0
DA:277,0
DA:281,0
DA:282,0
DA:284,0
DA:285,0
DA:287,0
DA:289,0
DA:290,0
DA:291,0
DA:292,0
DA:293,0
DA:294,0
DA:296,0
DA:297,0
DA:300,0
DA:301,0
DA:302,0
DA:304,0
DA:305,0
DA:306,0
DA:307,0
DA:308,0
DA:309,0
DA:310,0
DA:311,0
DA:312,0
DA:313,0
DA:314,0
DA:315,0
DA:317,0
DA:318,0
DA:322,0
DA:323,0
DA:325,0
DA:326,0
DA:328,0
DA:329,0
DA:331,0
DA:332,0
DA:334,0
DA:335,0
DA:336,0
DA:337,0
DA:338,0
DA:339,0
DA:340,0
DA:341,0
DA:343,0
DA:344,0
DA:345,0
DA:346,0
DA:347,0
DA:351,0
DA:352,0
DA:353,0
DA:355,0
DA:356,0
DA:358,0
DA:359,0
DA:361,0
DA:362,0
DA:364,0
DA:365,0
DA:367,0
DA:368,0
DA:370,0
DA:371,0
DA:373,0
DA:374,0
DA:375,0
DA:376,0
DA:378,0
DA:379,0
DA:381,0
DA:382,0
DA:383,0
DA:384,0
DA:386,0
DA:387,0
DA:389,0
DA:390,0
DA:391,0
DA:392,0
DA:394,0
DA:395,0
DA:396,0
DA:397,0
DA:399,0
DA:400,0
DA:401,0
DA:402,0
DA:404,0
DA:405,0
DA:406,0
DA:407,0
DA:409,0
DA:410,0
DA:411,0
DA:412,0
DA:414,0
DA:415,0
DA:416,0
DA:417,0
DA:419,0
DA:420,0
DA:421,0
DA:423,0
DA:424,0
DA:426,0
DA:427,0
DA:429,0
DA:430,0
DA:432,0
DA:433,0
DA:434,0
DA:435,0
DA:437,0
DA:438,0
DA:439,0
DA:440,0
DA:442,0
DA:443,0
DA:444,0
DA:445,0
DA:447,0
DA:448,0
DA:449,0
DA:450,0
DA:452,0
DA:454,0
DA:455,0
DA:456,0
DA:458,0
DA:459,0
DA:460,0
DA:461,0
DA:463,0
DA:464,0
DA:465,0
DA:466,0
DA:468,0
DA:469,0
BRDA:86,0,0,-
BRDA:86,0,1,-
BRDA:90,0,0,-
BRDA:90,0,1,-
BRDA:91,0,0,-
BRDA:91,0,1,-
BRDA:93,0,0,-
BRDA:93,0,1,-
BRDA:94,0,0,-
BRDA:94,0,1,-
BRDA:97,0,0,-
BRDA:97,0,1,-
BRDA:98,0,0,-
BRDA:98,0,1,-
BRDA:101,0,0,-
BRDA:101,0,1,-
BRDA:102,0,0,-
BRDA:102,0,1,-
BRDA:103,0,0,-
BRDA:103,0,1,-
BRDA:106,0,0,-
BRDA:106,0,1,-
BRDA:107,0,0,-
BRDA:107,0,1,-
BRDA:108,0,0,-
BRDA:108,0,1,-
BRDA:109,0,0,-
BRDA:109,0,1,-
BRDA:110,0,0,-
BRDA:110,0,1,-
BRDA:111,0,0,-
BRDA:111,0,1,-
BRDA:112,0,0,-
BRDA:112,0,1,-
BRDA:113,0,0,-
BRDA:113,0,1,-
BRDA:114,0,0,-
BRDA:114,0,1,-
BRDA:115,0,0,-
BRDA:115,0,1,-
BRDA:116,0,0,-
BRDA:116,0,1,-
BRDA:119,0,0,-
BRDA:119,0,1,-
BRDA:120,0,0,-
BRDA:120,0,1,-
BRDA:121,0,0,-
BRDA:121,0,1,-
BRDA:124,0,0,-
BRDA:124,0,1,-
BRDA:125,0,0,-
BRDA:125,0,1,-
BRDA:128,0,0,-
BRDA:128,0,1,-
BRDA:129,0,0,-
BRDA:129,0,1,-
BRDA:130,0,0,-
BRDA:130,0,1,-
BRDA:131,0,0,-
BRDA:131,0,1,-
BRDA:134,0,0,-
BRDA:134,0,1,-
BRDA:148,0,0,-
BRDA:148,0,1,-
BRDA:151,0,0,-
BRDA:151,0,1,-
BRDA:152,0,0,-
BRDA:152,0,1,-
BRDA:155,0,0,-
BRDA:155,0,1,-
BRDA:158,0,0,-
BRDA:158,0,1,-
BRDA:161,0,0,-
BRDA:161,0,1,-
BRDA:164,0,0,-
BRDA:164,0,1,-
BRDA:167,0,0,-
BRDA:167,0,1,-
BRDA:170,0,0,-
BRDA:170,0,1,-
BRDA:173,0,0,-
BRDA:173,0,1,-
BRDA:176,0,0,-
BRDA:176,0,1,-
BRDA:179,0,0,-
BRDA:179,0,1,-
BRDA:182,0,0,-
BRDA:182,0,1,-
BRDA:185,0,0,-
BRDA:185,0,1,-
BRDA:188,0,0,-
BRDA:188,0,1,-
BRDA:191,0,0,-
BRDA:191,0,1,-
BRDA:194,0,0,-
BRDA:194,0,1,-
BRDA:197,0,0,-
BRDA:197,0,1,-
BRDA:200,0,0,-
BRDA:200,0,1,-
BRDA:203,0,0,-
BRDA:203,0,1,-
BRDA:206,0,0,-
BRDA:206,0,1,-
BRDA:209,0,0,-
BRDA:209,0,1,-
BRDA:212,0,0,-
BRDA:212,0,1,-
BRDA:215,0,0,-
BRDA:215,0,1,-
BRDA:218,0,0,-
BRDA:218,0,1,-
BRDA:228,0,0,-
BRDA:228,0,1,-
BRDA:232,0,0,-
BRDA:232,0,1,-
BRDA:233,0,0,-
BRDA:233,0,1,-
BRDA:234,0,0,-
BRDA:234,0,1,-
BRDA:235,0,0,-
BRDA:235,0,1,-
BRDA:247,0,0,-
BRDA:247,0,1,-
BRDA:247,1,2,-
BRDA:247,1,3,-
BRDA:260,0,0,-
BRDA:260,0,1,-
BRDA:260,1,2,-
BRDA:260,1,3,-
BRDA:273,0,0,-
BRDA:273,0,1,-
BRDA:273,1,2,-
BRDA:273,1,3,-
BRDA:284,0,0,-
BRDA:284,0,1,-
BRDA:290,0,0,-
BRDA:290,0,1,-
BRDA:304,0,0,-
BRDA:304,0,1,-
BRDA:305,0,0,-
BRDA:305,0,1,-
BRDA:306,0,0,-
BRDA:306,0,1,-
BRDA:310,0,0,-
BRDA:310,0,1,-
BRDA:311,0,0,-
BRDA:311,0,1,-
BRDA:325,0,0,-
BRDA:325,0,1,-
BRDA:328,0,0,-
BRDA:328,0,1,-
BRDA:334,0,0,-
BRDA:334,0,1,-
BRDA:335,0,0,-
BRDA:335,0,1,-
BRDA:336,0,0,-
BRDA:336,0,1,-
BRDA:337,0,0,-
BRDA:337,0,1,-
BRDA:340,0,0,-
BRDA:340,0,1,-
BRDA:355,0,0,-
BRDA:355,0,1,-
BRDA:358,0,0,-
BRDA:358,0,1,-
BRDA:361,0,0,-
BRDA:361,0,1,-
BRDA:373,0,0,-
BRDA:373,0,1,-
BRDA:375,0,0,-
BRDA:375,0,1,-
BRDA:381,0,0,-
BRDA:381,0,1,-
BRDA:383,0,0,-
BRDA:383,0,1,-
BRDA:389,0,0,-
BRDA:389,0,1,-
BRDA:394,0,0,-
BRDA:394,0,1,-
BRDA:399,0,0,-
BRDA:399,0,1,-
BRDA:404,0,0,-
BRDA:404,0,1,-
BRDA:409,0,0,-
BRDA:409,0,1,-
BRDA:414,0,0,-
BRDA:414,0,1,-
BRDA:419,0,0,-
BRDA:419,0,1,-
BRDA:420,0,0,-
BRDA:420,0,1,-
BRDA:423,0,0,-
BRDA:423,0,1,-
BRDA:426,0,0,-
BRDA:426,0,1,-
BRDA:429,0,0,-
BRDA:429,0,1,-
BRDA:432,0,0,-
BRDA:432,0,1,-
BRDA:437,0,0,-
BRDA:437,0,1,-
BRDA:442,0,0,-
BRDA:442,0,1,-
BRDA:447,0,0,-
BRDA:447,0,1,-
BRDA:452,0,0,-
BRDA:452,0,1,-
BRDA:458,0,0,-
BRDA:458,0,1,-
BRDA:463,0,0,-
BRDA:463,0,1,-
BRF:212
BRH:0
LF:322
LH:0
end_of_record
SF:/build/libnftnl-1.3.0/src/udata.c
FN:17,nftnl_udata_buf_alloc
FN:31,nftnl_udata_buf_free
FN:37,nftnl_udata_buf_len
FN:48,nftnl_udata_buf_data
FN:55,nftnl_udata_buf_put
FN:62,nftnl_udata_start
FN:68,nftnl_udata_end
FN:75,nftnl_udata_put
FN:95,nftnl_udata_put_strz
FN:102,nftnl_udata_put_u32
FN:108,nftnl_udata_type
FN:114,nftnl_udata_len
FN:120,nftnl_udata_get
FN:126,nftnl_udata_get_u32
FN:136,nftnl_udata_next
FN:143,nftnl_udata_parse
FN:159,nftnl_udata_nest_start
FN:169,nftnl_udata_nest_end
FN:42,udata.c:nftnl_udata_buf_space
FNDA:0,nftnl_udata_buf_alloc
FNDA:0,nftnl_udata_buf_free
FNDA:0,nftnl_udata_buf_len
FNDA:0,nftnl_udata_buf_data
FNDA:0,nftnl_udata_buf_put
FNDA:0,nftnl_udata_start
FNDA:0,nftnl_udata_end
FNDA:0,nftnl_udata_put
FNDA:0,nftnl_udata_put_strz
FNDA:0,nftnl_udata_put_u32
FNDA:0,nftnl_udata_type
FNDA:0,nftnl_udata_len
FNDA:0,nftnl_udata_get
FNDA:0,nftnl_udata_get_u32
FNDA:0,nftnl_udata_next
FNDA:0,nftnl_udata_parse
FNDA:0,nftnl_udata_nest_start
FNDA:0,nftnl_udata_nest_end
FNDA:0,udata.c:nftnl_udata_buf_space
FNF:19
FNH:0
DA:17,0
DA:18,0
DA:20,0
DA:21,0
DA:22,0
DA:23,0
DA:24,0
DA:26,0
DA:27,0
DA:31,0
DA:32,0
DA:33,0
DA:37,0
DA:38,0
DA:39,0
DA:42,0
DA:43,0
DA:44,0
DA:48,0
DA:49,0
DA:50,0
DA:55,0
DA:56,0
DA:57,0
DA:58,0
DA:62,0
DA:63,0
DA:64,0
DA:68,0
DA:69,0
DA:70,0
DA:75,0
DA:76,0
DA:78,0
DA:79,0
DA:80,0
DA:82,0
DA:83,0
DA:84,0
DA:85,0
DA:87,0
DA:89,0
DA:90,0
DA:95,0
DA:96,0
DA:97,0
DA:102,0
DA:103,0
DA:104,0
DA:108,0
DA:109,0
DA:110,0
DA:114,0
DA:115,0
DA:116,0
DA:120,0
DA:121,0
DA:122,0
DA:126,0
DA:127,0
DA:129,0
DA:131,0
DA:132,0
DA:136,0
DA:137,0
DA:138,0
DA:143,0
DA:144,0
DA:145,0
DA:147,0
DA:148,0
DA:149,0
DA:150,0
DA:151,0
DA:153,0
DA:154,0
DA:159,0
DA:160,0
DA:162,0
DA:164,0
DA:165,0
DA:169,0
DA:170,0
DA:171,0
BRDA:21,0,0,-
BRDA:21,0,1,-
BRDA:56,0,0,-
BRDA:56,0,1,-
BRDA:78,0,0,-
BRDA:78,0,1,-
BRDA:79,0,0,-
BRDA:79,0,1,-
BRDA:147,0,0,-
BRDA:147,0,1,-
BRDA:149,0,0,-
BRDA:149,0,1,-
BRF:12
BRH:0
LF:83
LH:0
end_of_record
SF:/build/libnftnl-1.3.0/src/utils.c
FN:31,nftnl_family2str
FN:39,nftnl_verdict2str
FN:69,nftnl_flag2cmd
FN:83,nftnl_fprintf
FN:116,__nftnl_assert_attr_exists
FN:123,__nftnl_assert_fail
FN:130,__abi_breakage
FN:138,nftnl_set_str_attr
FNDA:0,nftnl_family2str
FNDA:0,nftnl_verdict2str
FNDA:0,nftnl_flag2cmd
FNDA:0,nftnl_fprintf
FNDA:0,__nftnl_assert_attr_exists
FNDA:0,__nftnl_assert_fail
FNDA:0,__abi_breakage
FNDA:0,nftnl_set_str_attr
FNF:8
FNH:0
DA:31,0
DA:32,0
DA:33,0
DA:35,0
DA:36,0
DA:39,0
DA:40,0
DA:41,0
DA:42,0
DA:43,0
DA:44,0
DA:45,0
DA:46,0
DA:47,0
DA:48,0
DA:49,0
DA:50,0
DA:51,0
DA:52,0
DA:53,0
DA:54,0
DA:55,0
DA:56,0
DA:57,0
DA:58,0
DA:59,0
DA:60,0
DA:61,0
DA:62,0
DA:63,0
DA:64,0
DA:65,0
DA:66,0
DA:69,0
DA:70,0
DA:71,0
DA:72,0
DA:73,0
DA:75,0
DA:76,0
DA:83,0
DA:84,0
DA:85,0
DA:86,0
DA:87,0
DA:89,0
DA:90,0
DA:91,0
DA:93,0
DA:94,0
DA:96,0
DA:97,0
DA:98,0
DA:100,0
DA:101,0
DA:102,0
DA:103,0
DA:105,0
DA:107,0
DA:108,0
DA:109,0
DA:111,0
DA:112,0
DA:116,0
DA:117,0
DA:118,0
DA:119,0
DA:120,0
DA:123,0
DA:124,0
DA:125,0
DA:126,0
DA:127,0
DA:130,0
DA:131,0
DA:132,0
DA:133,0
DA:134,0
DA:138,0
DA:139,0
DA:140,0
DA:142,0
DA:143,0
DA:144,0
DA:146,0
DA:147,0
DA:148,0
BRDA:32,0,0,-
BRDA:32,0,1,-
BRDA:32,1,2,-
BRDA:32,1,3,-
BRDA:41,0,0,-
BRDA:41,0,1,-
BRDA:43,0,0,-
BRDA:43,0,1,-
BRDA:45,0,0,-
BRDA:45,0,1,-
BRDA:47,0,0,-
BRDA:47,0,1,-
BRDA:49,0,0,-
BRDA:49,0,1,-
BRDA:51,0,0,-
BRDA:51,0,1,-
BRDA:53,0,0,-
BRDA:53,0,1,-
BRDA:55,0,0,-
BRDA:55,0,1,-
BRDA:57,0,0,-
BRDA:57,0,1,-
BRDA:59,0,0,-
BRDA:59,0,1,-
BRDA:61,0,0,-
BRDA:61,0,1,-
BRDA:63,0,0,-
BRDA:63,0,1,-
BRDA:70,0,0,-
BRDA:70,0,1,-
BRDA:72,0,0,-
BRDA:72,0,1,-
BRDA:90,0,0,-
BRDA:90,0,1,-
BRDA:93,0,0,-
BRDA:93,0,1,-
BRDA:97,0,0,-
BRDA:97,0,1,-
BRDA:101,0,0,-
BRDA:101,0,1,-
BRDA:108,0,0,-
BRDA:108,0,1,-
BRDA:139,0,0,-
BRDA:139,0,1,-
BRDA:143,0,0,-
BRDA:143,0,1,-
BRF:46
BRH:0
LF:84
LH:0
end_of_record
